<?xml version="1.0" encoding="UTF-8"?>
<testsuite xmlns:xsi="http://www.w3.org/2001/XMLSchema-instance" xsi:noNamespaceSchemaLocation="https://maven.apache.org/surefire/maven-failsafe-plugin/xsd/failsafe-test-report-3.0.xsd" version="3.0" name="starter.CucumberTestSuite" time="13.194" tests="13" errors="0" skipped="0" failures="0">
  <properties>
[...]
</properties>
  <testcase name="GET - As a user I want to test hello page" classname="As user i want to test page hello" time="3.778">
    <system-out><![CDATA[19:46:20.441 [main] DEBUG net.thucydides.core.guice.Injectors -- Created injector for module net.thucydides.core.guice.ThucydidesModule
19:46:20.761 [main] DEBUG io.cucumber.core.plugin.SerenityReporter -- Running feature from file:///C:/Users/Admin/IdeaProjects/miniproject-api/src/test/resources/features/hello.feature
19:46:20.886 [main] DEBUG net.thucydides.core.guice.Injectors -- Created injector for module net.thucydides.core.guice.webdriver.WebDriverModule
19:46:20.899 [main] INFO  -- 

-------------------------------------------------------------------------------------
     _______. _______ .______       _______ .__   __.  __  .___________.____    ____ 
    /       ||   ____||   _  \     |   ____||  \ |  | |  | |           |\   \  /   / 
   |   (----`|  |__   |  |_)  |    |  |__   |   \|  | |  | `---|  |----` \   \/   /  
    \   \    |   __|  |      /     |   __|  |  . `  | |  |     |  |       \_    _/   
.----)   |   |  |____ |  |\  \----.|  |____ |  |\   | |  |     |  |         |  |     
|_______/    |_______|| _| `._____||_______||__| \__| |__|     |__|         |__|    
                                                                                     
 News and tutorials at http://www.serenity-bdd.info                                  
 Documentation at https://wakaleo.gitbooks.io/the-serenity-book/content/             
 Join the Serenity Community on Gitter: https://gitter.im/serenity-bdd/serenity-core 
 Serenity BDD Support and Training at http://serenity-bdd.info/#/trainingandsupport  
-------------------------------------------------------------------------------------

19:46:20.901 [main] DEBUG net.thucydides.core.steps.StepEventBus -- Test suite started for story net.thucydides.core.model.Story@9f502beb
19:46:20.902 [main] INFO  -- Test Suite Started: As user i want to test page hello
19:46:20.912 [main] DEBUG io.cucumber.core.plugin.SerenityReporter -- Running feature from file:///C:/Users/Admin/IdeaProjects/miniproject-api/src/test/resources/features/login.feature
19:46:20.916 [main] DEBUG net.thucydides.core.steps.StepEventBus -- Test suite started for story net.thucydides.core.model.Story@583a69a9
19:46:20.922 [main] INFO  -- Test Suite Started: As user I want to see home page So that i can buy product
19:46:20.922 [main] DEBUG io.cucumber.core.plugin.SerenityReporter -- Running feature from file:///C:/Users/Admin/IdeaProjects/miniproject-api/src/test/resources/features/orders.feature
19:46:20.928 [main] DEBUG net.thucydides.core.steps.StepEventBus -- Test suite started for story net.thucydides.core.model.Story@15d4afc6
19:46:20.928 [main] INFO  -- Test Suite Started: As user i want to test order on website
19:46:20.929 [main] DEBUG io.cucumber.core.plugin.SerenityReporter -- Running feature from file:///C:/Users/Admin/IdeaProjects/miniproject-api/src/test/resources/features/produk.feature
19:46:20.932 [main] DEBUG net.thucydides.core.steps.StepEventBus -- Test suite started for story net.thucydides.core.model.Story@2f62ef95
19:46:20.933 [main] INFO  -- Test Suite Started: As user i want to see product, create new product, see product by id, delete a product, see product comments
19:46:20.933 [main] DEBUG io.cucumber.core.plugin.SerenityReporter -- Running feature from file:///C:/Users/Admin/IdeaProjects/miniproject-api/src/test/resources/features/produkkategori.feature
19:46:20.935 [main] DEBUG net.thucydides.core.steps.StepEventBus -- Test suite started for story net.thucydides.core.model.Story@e07bf919
19:46:20.936 [main] INFO  -- Test Suite Started: As user i want to see categories and add new categories
19:46:20.936 [main] DEBUG io.cucumber.core.plugin.SerenityReporter -- Running feature from file:///C:/Users/Admin/IdeaProjects/miniproject-api/src/test/resources/features/register.feature
19:46:20.939 [main] DEBUG net.thucydides.core.steps.StepEventBus -- Test suite started for story net.thucydides.core.model.Story@c1050949
19:46:20.939 [main] INFO  -- Test Suite Started: As user i want to create account So that i can login and see home page
19:46:20.939 [main] DEBUG io.cucumber.core.plugin.SerenityReporter -- Running feature from file:///C:/Users/Admin/IdeaProjects/miniproject-api/src/test/resources/features/hello.feature
19:46:20.941 [main] DEBUG net.thucydides.core.steps.StepEventBus -- Test suite started for story net.thucydides.core.model.Story@9f502beb
19:46:20.942 [main] INFO  -- Test Suite Started: As user i want to test page hello

@Hello
Scenario: GET - As a user I want to test hello page &amp#27;[90m# src/test/resources/features/hello.feature:4&amp#27;[0m
19:46:21.025 [main] DEBUG io.cucumber.core.plugin.SerenityReporter -- Running feature from file:///C:/Users/Admin/IdeaProjects/miniproject-api/src/test/resources/features/hello.feature
19:46:21.140 [main] INFO  -- 
  _____   ___   ___   _____     ___   _____     _     ___   _____   ___   ___  
 |_   _| | __| / __| |_   _|   / __| |_   _|   /_\   | _ \ |_   _| | __| |   \ 
   | |   | _|  \__ \   | |     \__ \   | |    / _ \  |   /   | |   | _|  | |) |
   |_|   |___| |___/   |_|     |___/   |_|   /_/ \_\ |_|_\   |_|   |___| |___/ 

GET - As a user I want to test hello page(as-user-i-want-to-test-page-hello;get---as-a-user-i-want-to-test-hello-page)
--------------------------------------------------------------------------------
19:46:21.216 [main] DEBUG net.thucydides.core.requirements.model.cucumber.CucumberParser -- Loading feature C:\Users\Admin\IdeaProjects\miniproject-api\src\test\resources\features\hello.feature
19:46:21.233 [main] DEBUG net.thucydides.core.requirements.model.cucumber.CucumberParser -- Loading feature C:\Users\Admin\IdeaProjects\miniproject-api\src\test\resources\features\login.feature
19:46:21.238 [main] DEBUG net.thucydides.core.requirements.model.cucumber.CucumberParser -- Loading feature C:\Users\Admin\IdeaProjects\miniproject-api\src\test\resources\features\orders.feature
19:46:21.243 [main] DEBUG net.thucydides.core.requirements.model.cucumber.CucumberParser -- Loading feature C:\Users\Admin\IdeaProjects\miniproject-api\src\test\resources\features\produk.feature
19:46:21.249 [main] DEBUG net.thucydides.core.requirements.model.cucumber.CucumberParser -- Loading feature C:\Users\Admin\IdeaProjects\miniproject-api\src\test\resources\features\produkkategori.feature
19:46:21.254 [main] DEBUG net.thucydides.core.requirements.model.cucumber.CucumberParser -- Loading feature C:\Users\Admin\IdeaProjects\miniproject-api\src\test\resources\features\register.feature
19:46:21.738 [main] DEBUG net.thucydides.core.steps.StepInterceptor -- STARTING STEP: UserSteps.userSetEndpointForHello - user set endpoint for hello
19:46:21.739 [main] DEBUG net.thucydides.core.steps.StepInterceptor -- STEP DONE: user set endpoint for hello
  &amp#27;[32mGiven &amp#27;[0m&amp#27;[32muser set endpoint for hello&amp#27;[0m                 &amp#27;[90m# starter.stepdefinitions.UserSteps.userSetEndpointForHello()&amp#27;[0m
19:46:21.746 [main] DEBUG net.thucydides.core.steps.StepInterceptor -- STARTING STEP: UserSteps.userSendRequestToEndpoint - user send request to endpoint
19:46:23.582 [main] DEBUG net.thucydides.core.steps.StepInterceptor -- STARTING STEP: Hello_Hello.userSendRequestToEndpoint - user set endpoint for hello
19:46:23.582 [main] DEBUG net.thucydides.core.steps.StepInterceptor -- STEP DONE: user set endpoint for hello
19:46:24.308 [main] DEBUG org.apache.http.impl.conn.BasicClientConnectionManager -- Get connection for route {s}->https://altashop-api.fly.dev:443
19:46:24.407 [main] DEBUG org.apache.http.impl.conn.DefaultClientConnectionOperator -- Connecting to altashop-api.fly.dev:443
19:46:24.573 [main] DEBUG org.apache.http.client.protocol.RequestAddCookies -- CookieSpec selected: ignoreCookies
19:46:24.574 [main] DEBUG org.apache.http.client.protocol.RequestAuthCache -- Auth cache not set in the context
19:46:24.574 [main] DEBUG org.apache.http.client.protocol.RequestTargetAuthentication -- Target auth state: UNCHALLENGED
19:46:24.574 [main] DEBUG org.apache.http.client.protocol.RequestProxyAuthentication -- Proxy auth state: UNCHALLENGED
19:46:24.575 [main] DEBUG org.apache.http.impl.client.DefaultHttpClient -- Attempt 1 to execute request
19:46:24.575 [main] DEBUG org.apache.http.impl.conn.DefaultClientConnection -- Sending request: GET /api/hello HTTP/1.1
19:46:24.575 [main] DEBUG org.apache.http.wire --  >> "GET /api/hello HTTP/1.1[\r][\n]"
19:46:24.575 [main] DEBUG org.apache.http.wire --  >> "Accept: */*[\r][\n]"
19:46:24.575 [main] DEBUG org.apache.http.wire --  >> "Host: altashop-api.fly.dev[\r][\n]"
19:46:24.575 [main] DEBUG org.apache.http.wire --  >> "Connection: Keep-Alive[\r][\n]"
19:46:24.575 [main] DEBUG org.apache.http.wire --  >> "User-Agent: Apache-HttpClient/4.5.13 (Java/19.0.2)[\r][\n]"
19:46:24.575 [main] DEBUG org.apache.http.wire --  >> "Accept-Encoding: gzip,deflate[\r][\n]"
19:46:24.575 [main] DEBUG org.apache.http.wire --  >> "[\r][\n]"
19:46:24.576 [main] DEBUG org.apache.http.headers -- >> GET /api/hello HTTP/1.1
19:46:24.576 [main] DEBUG org.apache.http.headers -- >> Accept: */*
19:46:24.576 [main] DEBUG org.apache.http.headers -- >> Host: altashop-api.fly.dev
19:46:24.576 [main] DEBUG org.apache.http.headers -- >> Connection: Keep-Alive
19:46:24.576 [main] DEBUG org.apache.http.headers -- >> User-Agent: Apache-HttpClient/4.5.13 (Java/19.0.2)
19:46:24.576 [main] DEBUG org.apache.http.headers -- >> Accept-Encoding: gzip,deflate
19:46:24.597 [main] DEBUG org.apache.http.wire --  << "HTTP/1.1 200 OK[\r][\n]"
19:46:24.598 [main] DEBUG org.apache.http.wire --  << "content-type: application/json[\r][\n]"
19:46:24.598 [main] DEBUG org.apache.http.wire --  << "date: Wed, 03 May 2023 12:46:52 GMT[\r][\n]"
19:46:24.598 [main] DEBUG org.apache.http.wire --  << "content-encoding: gzip[\r][\n]"
19:46:24.598 [main] DEBUG org.apache.http.wire --  << "transfer-encoding: chunked[\r][\n]"
19:46:24.598 [main] DEBUG org.apache.http.wire --  << "server: Fly/199ec4d3 (2023-04-25)[\r][\n]"
19:46:24.598 [main] DEBUG org.apache.http.wire --  << "via: 1.1 fly.io[\r][\n]"
19:46:24.598 [main] DEBUG org.apache.http.wire --  << "fly-request-id: 01GZGTDEG0NXWCBTNXZN8M8295-sin[\r][\n]"
19:46:24.598 [main] DEBUG org.apache.http.wire --  << "[\r][\n]"
19:46:24.599 [main] DEBUG org.apache.http.impl.conn.DefaultClientConnection -- Receiving response: HTTP/1.1 200 OK
19:46:24.599 [main] DEBUG org.apache.http.headers -- << HTTP/1.1 200 OK
19:46:24.599 [main] DEBUG org.apache.http.headers -- << content-type: application/json
19:46:24.599 [main] DEBUG org.apache.http.headers -- << date: Wed, 03 May 2023 12:46:52 GMT
19:46:24.599 [main] DEBUG org.apache.http.headers -- << content-encoding: gzip
19:46:24.599 [main] DEBUG org.apache.http.headers -- << transfer-encoding: chunked
19:46:24.599 [main] DEBUG org.apache.http.headers -- << server: Fly/199ec4d3 (2023-04-25)
19:46:24.599 [main] DEBUG org.apache.http.headers -- << via: 1.1 fly.io
19:46:24.599 [main] DEBUG org.apache.http.headers -- << fly-request-id: 01GZGTDEG0NXWCBTNXZN8M8295-sin
19:46:24.602 [main] DEBUG org.apache.http.impl.client.DefaultHttpClient -- Connection can be kept alive indefinitely
19:46:24.604 [main] DEBUG io.restassured.internal.RestAssuredHttpBuilder -- Parsing response as: application/json
19:46:24.605 [main] DEBUG org.apache.http.wire --  << "25[\r][\n]"
19:46:24.605 [main] DEBUG org.apache.http.wire --  << "[0x1f][0x8b][0x8][0x0][0x0][0x0][0x0][0x0][0x4][0xff][0xab]VJI,IT[0xb2]R[0xca]H[0xcd][0xc9][0xc9]W[0xaa][0xe5][0x2][0x0][0xfd][0x95][0xfe]N[0x11][0x0][0x0][0x0]"
19:46:24.605 [main] DEBUG org.apache.http.wire --  << "[\r][\n]"
19:46:24.605 [main] DEBUG org.apache.http.wire --  << "0[\r][\n]"
19:46:24.605 [main] DEBUG org.apache.http.wire --  << "[\r][\n]"
19:46:24.606 [main] DEBUG io.restassured.internal.RestAssuredHttpBuilder -- Parsed data to instance of: class org.apache.http.conn.EofSensorInputStream
19:46:24.651 [main] DEBUG org.apache.http.impl.conn.BasicClientConnectionManager -- Releasing connection org.apache.http.impl.conn.ManagedClientConnectionImpl@7805478c
19:46:24.651 [main] DEBUG org.apache.http.impl.conn.BasicClientConnectionManager -- Connection can be kept alive indefinitely
19:46:24.671 [main] DEBUG net.thucydides.core.steps.StepInterceptor -- STEP DONE: user send request to endpoint
  &amp#27;[32mWhen &amp#27;[0m&amp#27;[32muser send request to endpoint&amp#27;[0m                &amp#27;[90m# starter.stepdefinitions.UserSteps.userSendRequestToEndpoint()&amp#27;[0m
19:46:24.676 [main] DEBUG net.thucydides.core.steps.StepInterceptor -- STARTING STEP: UserSteps.userSeeStatusCode - user see status code 200
19:46:24.703 [main] DEBUG net.thucydides.core.steps.StepInterceptor -- STEP DONE: user see status code 200
  &amp#27;[32mAnd &amp#27;[0m&amp#27;[32muser see status code 200&amp#27;[0m                      &amp#27;[90m# starter.stepdefinitions.UserSteps.userSeeStatusCode()&amp#27;[0m
19:46:24.706 [main] DEBUG net.thucydides.core.steps.StepInterceptor -- STARTING STEP: UserSteps.userShowHelloMessage - user show hello message
19:46:24.706 [main] DEBUG net.thucydides.core.steps.StepInterceptor -- STEP DONE: user show hello message
  &amp#27;[32mThen &amp#27;[0m&amp#27;[32muser show hello message&amp#27;[0m                      &amp#27;[90m# starter.stepdefinitions.UserSteps.userShowHelloMessage()&amp#27;[0m
19:46:24.713 [main] INFO  -- 
  _____   ___   ___   _____     ___     _     ___   ___   ___   ___  
 |_   _| | __| / __| |_   _|   | _ \   /_\   / __| / __| | __| |   \ 
   | |   | _|  \__ \   | |     |  _/  / _ \  \__ \ \__ \ | _|  | |) |
   |_|   |___| |___/   |_|     |_|   /_/ \_\ |___/ |___/ |___| |___/ 

GET - As a user I want to test hello page
----------------------------------------------------------------------
]]></system-out>
  </testcase>
  <testcase name="POST - As a user I success to login with valid data" classname="As user I want to see home page So that i can buy product" time="0.317">
    <system-out><![CDATA[19:46:24.723 [main] DEBUG io.cucumber.core.plugin.SerenityReporter -- Running feature from file:///C:/Users/Admin/IdeaProjects/miniproject-api/src/test/resources/features/login.feature
19:46:24.732 [main] DEBUG net.thucydides.core.steps.StepEventBus -- Test suite started for story net.thucydides.core.model.Story@583a69a9
19:46:24.732 [main] INFO  -- Test Suite Started: As user I want to see home page So that i can buy product

@Login
Scenario: POST - As a user I success to login with valid data &amp#27;[90m# src/test/resources/features/login.feature:4&amp#27;[0m
19:46:24.739 [main] DEBUG io.cucumber.core.plugin.SerenityReporter -- Running feature from file:///C:/Users/Admin/IdeaProjects/miniproject-api/src/test/resources/features/login.feature
19:46:24.742 [main] INFO  -- 
  _____   ___   ___   _____     ___   _____     _     ___   _____   ___   ___  
 |_   _| | __| / __| |_   _|   / __| |_   _|   /_\   | _ \ |_   _| | __| |   \ 
   | |   | _|  \__ \   | |     \__ \   | |    / _ \  |   /   | |   | _|  | |) |
   |_|   |___| |___/   |_|     |___/   |_|   /_/ \_\ |_|_\   |_|   |___| |___/ 

POST - As a user I success to login with valid data(as-user-i-want-to-see-home-page-so-that-i-can-buy-product;post---as-a-user-i-success-to-login-with-valid-data)
--------------------------------------------------------------------------------
19:46:24.789 [main] DEBUG net.thucydides.core.steps.StepInterceptor -- STARTING STEP: UserSteps.userSetEndpointForLogin - user set endpoint for login
19:46:24.790 [main] DEBUG net.thucydides.core.steps.StepInterceptor -- STEP DONE: user set endpoint for login
  &amp#27;[32mGiven &amp#27;[0m&amp#27;[32muser set endpoint for login&amp#27;[0m                           &amp#27;[90m# starter.stepdefinitions.UserSteps.userSetEndpointForLogin()&amp#27;[0m
19:46:24.793 [main] DEBUG net.thucydides.core.steps.StepInterceptor -- STARTING STEP: UserSteps.userSendPOSTHTTPRequestWithValidData - user send POST HTTP request with valid data
19:46:24.799 [main] DEBUG net.thucydides.core.steps.StepInterceptor -- STARTING STEP: Authentication_Login_Post.userSendPOSTHTTPRequestWithValidData - user set endpoint for login
19:46:24.799 [main] DEBUG net.thucydides.core.steps.StepInterceptor -- STEP DONE: user set endpoint for login
19:46:24.833 [main] DEBUG org.apache.http.impl.conn.BasicClientConnectionManager -- Get connection for route {s}->https://altashop-api.fly.dev:443
19:46:24.833 [main] DEBUG org.apache.http.impl.conn.DefaultClientConnectionOperator -- Connecting to altashop-api.fly.dev:443
19:46:24.880 [main] DEBUG org.apache.http.client.protocol.RequestAddCookies -- CookieSpec selected: ignoreCookies
19:46:24.880 [main] DEBUG org.apache.http.client.protocol.RequestAuthCache -- Auth cache not set in the context
19:46:24.880 [main] DEBUG org.apache.http.client.protocol.RequestTargetAuthentication -- Target auth state: UNCHALLENGED
19:46:24.880 [main] DEBUG org.apache.http.client.protocol.RequestProxyAuthentication -- Proxy auth state: UNCHALLENGED
19:46:24.880 [main] DEBUG org.apache.http.impl.client.DefaultHttpClient -- Attempt 1 to execute request
19:46:24.880 [main] DEBUG org.apache.http.impl.conn.DefaultClientConnection -- Sending request: POST /api/auth/login HTTP/1.1
19:46:24.880 [main] DEBUG org.apache.http.wire --  >> "POST /api/auth/login HTTP/1.1[\r][\n]"
19:46:24.880 [main] DEBUG org.apache.http.wire --  >> "Accept: */*[\r][\n]"
19:46:24.881 [main] DEBUG org.apache.http.wire --  >> "Content-Type: application/json[\r][\n]"
19:46:24.881 [main] DEBUG org.apache.http.wire --  >> "Content-Length: 48[\r][\n]"
19:46:24.881 [main] DEBUG org.apache.http.wire --  >> "Host: altashop-api.fly.dev[\r][\n]"
19:46:24.881 [main] DEBUG org.apache.http.wire --  >> "Connection: Keep-Alive[\r][\n]"
19:46:24.881 [main] DEBUG org.apache.http.wire --  >> "User-Agent: Apache-HttpClient/4.5.13 (Java/19.0.2)[\r][\n]"
19:46:24.881 [main] DEBUG org.apache.http.wire --  >> "Accept-Encoding: gzip,deflate[\r][\n]"
19:46:24.881 [main] DEBUG org.apache.http.wire --  >> "[\r][\n]"
19:46:24.881 [main] DEBUG org.apache.http.headers -- >> POST /api/auth/login HTTP/1.1
19:46:24.881 [main] DEBUG org.apache.http.headers -- >> Accept: */*
19:46:24.881 [main] DEBUG org.apache.http.headers -- >> Content-Type: application/json
19:46:24.881 [main] DEBUG org.apache.http.headers -- >> Content-Length: 48
19:46:24.881 [main] DEBUG org.apache.http.headers -- >> Host: altashop-api.fly.dev
19:46:24.881 [main] DEBUG org.apache.http.headers -- >> Connection: Keep-Alive
19:46:24.881 [main] DEBUG org.apache.http.headers -- >> User-Agent: Apache-HttpClient/4.5.13 (Java/19.0.2)
19:46:24.881 [main] DEBUG org.apache.http.headers -- >> Accept-Encoding: gzip,deflate
19:46:24.881 [main] DEBUG org.apache.http.wire --  >> "{"password":"123123","email":"someone@mail.com"}"
19:46:24.905 [main] DEBUG org.apache.http.wire --  << "HTTP/1.1 200 OK[\r][\n]"
19:46:24.905 [main] DEBUG org.apache.http.wire --  << "content-type: application/json[\r][\n]"
19:46:24.905 [main] DEBUG org.apache.http.wire --  << "date: Wed, 03 May 2023 12:46:53 GMT[\r][\n]"
19:46:24.905 [main] DEBUG org.apache.http.wire --  << "content-encoding: gzip[\r][\n]"
19:46:24.905 [main] DEBUG org.apache.http.wire --  << "transfer-encoding: chunked[\r][\n]"
19:46:24.905 [main] DEBUG org.apache.http.wire --  << "server: Fly/199ec4d3 (2023-04-25)[\r][\n]"
19:46:24.905 [main] DEBUG org.apache.http.wire --  << "via: 1.1 fly.io[\r][\n]"
19:46:24.905 [main] DEBUG org.apache.http.wire --  << "fly-request-id: 01GZGTDESJJNXXA1HRR2GS1538-sin[\r][\n]"
19:46:24.905 [main] DEBUG org.apache.http.wire --  << "[\r][\n]"
19:46:24.905 [main] DEBUG org.apache.http.impl.conn.DefaultClientConnection -- Receiving response: HTTP/1.1 200 OK
19:46:24.905 [main] DEBUG org.apache.http.headers -- << HTTP/1.1 200 OK
19:46:24.905 [main] DEBUG org.apache.http.headers -- << content-type: application/json
19:46:24.905 [main] DEBUG org.apache.http.headers -- << date: Wed, 03 May 2023 12:46:53 GMT
19:46:24.905 [main] DEBUG org.apache.http.headers -- << content-encoding: gzip
19:46:24.905 [main] DEBUG org.apache.http.headers -- << transfer-encoding: chunked
19:46:24.905 [main] DEBUG org.apache.http.headers -- << server: Fly/199ec4d3 (2023-04-25)
19:46:24.905 [main] DEBUG org.apache.http.headers -- << via: 1.1 fly.io
19:46:24.905 [main] DEBUG org.apache.http.headers -- << fly-request-id: 01GZGTDESJJNXXA1HRR2GS1538-sin
19:46:24.905 [main] DEBUG org.apache.http.impl.client.DefaultHttpClient -- Connection can be kept alive indefinitely
19:46:24.905 [main] DEBUG io.restassured.internal.RestAssuredHttpBuilder -- Parsing response as: application/json
19:46:24.905 [main] DEBUG org.apache.http.wire --  << "B1[\r][\n]"
19:46:24.905 [main] DEBUG org.apache.http.wire --  << "[0x1f][0x8b][0x8][0x0][0x0][0x0][0x0][0x0][0x4][0xff][0xab]VJI,IT[0xb2]RJ[0xad][0xf4][0xca]HrO[0xce][0xf4][0xcf][0xf4][0xf2][0xc][0xad][0xf2]4[0xf4][0xcb][0xf4],[0xf6][0xcc][0xb]2Mv[0xf6]4[0xf3][0xcc].[0x88][0x8]s[0xf6][0xb2][0xd4]K[0xad][0xf4]rO[0x9][0xaf](N[0xca]u+[0x89][\n]"
19:46:24.906 [main] DEBUG org.apache.http.wire --  << "[0x6]ID[0x15]$[0xe7][0xf9][0x19]@[0xf8]N[0xbe][0x91][0x11]0[0xb6]g[0xb1]gvXIdxN[0xb1]gV~f[0xb2][0x91]eIT[0xb8]eiT[0xa8][0x13]X[0xcc]'[0xd7][0xaf],)[0xd8][0xcb]R/[0xc9][0xbd] [0xca][0xcf]%[0xdd],[0xd2][0xa3][0xc4];'[0xc4][0xad][0xdc]<[0xbe][0xb2][0xb4]2[0xcf]8[0xd8][0xd1][0xd3]97[0xad],[0xc5]3[0xcc][0xb0]2[0xc2]<[0xd7][0xd3][0xbb]([0xa4]\[0xa9][0x96][0xb][0x0]H[0xcf][0xad]/[0xad][0x0][0x0][0x0]"
19:46:24.906 [main] DEBUG org.apache.http.wire --  << "[\r][\n]"
19:46:24.906 [main] DEBUG org.apache.http.wire --  << "0[\r][\n]"
19:46:24.906 [main] DEBUG org.apache.http.wire --  << "[\r][\n]"
19:46:24.906 [main] DEBUG io.restassured.internal.RestAssuredHttpBuilder -- Parsed data to instance of: class org.apache.http.conn.EofSensorInputStream
19:46:24.908 [main] DEBUG org.apache.http.impl.conn.BasicClientConnectionManager -- Releasing connection org.apache.http.impl.conn.ManagedClientConnectionImpl@71418a4a
19:46:24.908 [main] DEBUG org.apache.http.impl.conn.BasicClientConnectionManager -- Connection can be kept alive indefinitely
19:46:24.908 [main] DEBUG net.thucydides.core.steps.StepInterceptor -- STEP DONE: user send POST HTTP request with valid data
  &amp#27;[32mWhen &amp#27;[0m&amp#27;[32muser send POST HTTP request with valid data&amp#27;[0m            &amp#27;[90m# starter.stepdefinitions.UserSteps.userSendPOSTHTTPRequestWithValidData()&amp#27;[0m
19:46:24.911 [main] DEBUG net.thucydides.core.steps.StepInterceptor -- STARTING STEP: UserSteps.userSeeStatusCode - user see status code 200
19:46:24.912 [main] DEBUG net.thucydides.core.steps.StepInterceptor -- STEP DONE: user see status code 200
  &amp#27;[32mThen &amp#27;[0m&amp#27;[32muser see status code 200&amp#27;[0m                               &amp#27;[90m# starter.stepdefinitions.UserSteps.userSeeStatusCode()&amp#27;[0m
19:46:24.917 [main] DEBUG net.thucydides.core.steps.StepInterceptor -- STARTING STEP: UserSteps.getValidData - get valid data
19:46:25.043 [main] DEBUG net.thucydides.core.steps.StepInterceptor -- STEP DONE: get valid data
  &amp#27;[32mAnd &amp#27;[0m&amp#27;[32mget valid data&amp#27;[0m                                          &amp#27;[90m# starter.stepdefinitions.UserSteps.getValidData()&amp#27;[0m
19:46:25.046 [main] INFO  -- 
  _____   ___   ___   _____     ___     _     ___   ___   ___   ___  
 |_   _| | __| / __| |_   _|   | _ \   /_\   / __| / __| | __| |   \ 
   | |   | _|  \__ \   | |     |  _/  / _ \  \__ \ \__ \ | _|  | |) |
   |_|   |___| |___/   |_|     |_|   /_/ \_\ |___/ |___/ |___| |___/ 

POST - As a user I success to login with valid data
----------------------------------------------------------------------
]]></system-out>
  </testcase>
  <testcase name="POST - As a user i want to login with invalid data" classname="As user I want to see home page So that i can buy product" time="0.701">
    <system-out><![CDATA[
@Login
Scenario: POST - As a user i want to login with invalid data &amp#27;[90m# src/test/resources/features/login.feature:10&amp#27;[0m
19:46:25.062 [main] DEBUG io.cucumber.core.plugin.SerenityReporter -- Running feature from file:///C:/Users/Admin/IdeaProjects/miniproject-api/src/test/resources/features/login.feature
19:46:25.066 [main] INFO  -- 
  _____   ___   ___   _____     ___   _____     _     ___   _____   ___   ___  
 |_   _| | __| / __| |_   _|   / __| |_   _|   /_\   | _ \ |_   _| | __| |   \ 
   | |   | _|  \__ \   | |     \__ \   | |    / _ \  |   /   | |   | _|  | |) |
   |_|   |___| |___/   |_|     |___/   |_|   /_/ \_\ |_|_\   |_|   |___| |___/ 

POST - As a user i want to login with invalid data(as-user-i-want-to-see-home-page-so-that-i-can-buy-product;post---as-a-user-i-want-to-login-with-invalid-data)
--------------------------------------------------------------------------------
19:46:25.104 [main] DEBUG net.thucydides.core.steps.StepInterceptor -- STARTING STEP: UserSteps.userSetEndpointForLogin - user set endpoint for login
19:46:25.104 [main] DEBUG net.thucydides.core.steps.StepInterceptor -- STEP DONE: user set endpoint for login
  &amp#27;[32mGiven &amp#27;[0m&amp#27;[32muser set endpoint for login&amp#27;[0m                          &amp#27;[90m# starter.stepdefinitions.UserSteps.userSetEndpointForLogin()&amp#27;[0m
19:46:25.108 [main] DEBUG net.thucydides.core.steps.StepInterceptor -- STARTING STEP: UserSteps.userSendPOSTHTTPRequestWithInvalidData - user send POST HTTP request with invalid data
19:46:25.112 [main] DEBUG net.thucydides.core.steps.StepInterceptor -- STARTING STEP: Authentication_Login_Post.userSendPOSTHTTPRequestWithInvalidData - user set endpoint for login
19:46:25.112 [main] DEBUG net.thucydides.core.steps.StepInterceptor -- STEP DONE: user set endpoint for login
19:46:25.192 [main] DEBUG org.apache.http.impl.conn.BasicClientConnectionManager -- Get connection for route {s}->https://altashop-api.fly.dev:443
19:46:25.192 [main] DEBUG org.apache.http.impl.conn.DefaultClientConnectionOperator -- Connecting to altashop-api.fly.dev:443
19:46:25.238 [main] DEBUG org.apache.http.client.protocol.RequestAddCookies -- CookieSpec selected: ignoreCookies
19:46:25.238 [main] DEBUG org.apache.http.client.protocol.RequestAuthCache -- Auth cache not set in the context
19:46:25.238 [main] DEBUG org.apache.http.client.protocol.RequestTargetAuthentication -- Target auth state: UNCHALLENGED
19:46:25.239 [main] DEBUG org.apache.http.client.protocol.RequestProxyAuthentication -- Proxy auth state: UNCHALLENGED
19:46:25.239 [main] DEBUG org.apache.http.impl.client.DefaultHttpClient -- Attempt 1 to execute request
19:46:25.239 [main] DEBUG org.apache.http.impl.conn.DefaultClientConnection -- Sending request: POST /api/auth/login HTTP/1.1
19:46:25.239 [main] DEBUG org.apache.http.wire --  >> "POST /api/auth/login HTTP/1.1[\r][\n]"
19:46:25.239 [main] DEBUG org.apache.http.wire --  >> "Accept: */*[\r][\n]"
19:46:25.239 [main] DEBUG org.apache.http.wire --  >> "Content-Type: application/json[\r][\n]"
19:46:25.239 [main] DEBUG org.apache.http.wire --  >> "Content-Length: 55[\r][\n]"
19:46:25.239 [main] DEBUG org.apache.http.wire --  >> "Host: altashop-api.fly.dev[\r][\n]"
19:46:25.239 [main] DEBUG org.apache.http.wire --  >> "Connection: Keep-Alive[\r][\n]"
19:46:25.239 [main] DEBUG org.apache.http.wire --  >> "User-Agent: Apache-HttpClient/4.5.13 (Java/19.0.2)[\r][\n]"
19:46:25.239 [main] DEBUG org.apache.http.wire --  >> "Accept-Encoding: gzip,deflate[\r][\n]"
19:46:25.239 [main] DEBUG org.apache.http.wire --  >> "[\r][\n]"
19:46:25.239 [main] DEBUG org.apache.http.headers -- >> POST /api/auth/login HTTP/1.1
19:46:25.239 [main] DEBUG org.apache.http.headers -- >> Accept: */*
19:46:25.239 [main] DEBUG org.apache.http.headers -- >> Content-Type: application/json
19:46:25.239 [main] DEBUG org.apache.http.headers -- >> Content-Length: 55
19:46:25.239 [main] DEBUG org.apache.http.headers -- >> Host: altashop-api.fly.dev
19:46:25.239 [main] DEBUG org.apache.http.headers -- >> Connection: Keep-Alive
19:46:25.239 [main] DEBUG org.apache.http.headers -- >> User-Agent: Apache-HttpClient/4.5.13 (Java/19.0.2)
19:46:25.239 [main] DEBUG org.apache.http.headers -- >> Accept-Encoding: gzip,deflate
19:46:25.239 [main] DEBUG org.apache.http.wire --  >> "{"password":"passwordSalah","email":"someone@mail.com"}"
19:46:25.262 [main] DEBUG org.apache.http.wire --  << "HTTP/1.1 400 Bad Request[\r][\n]"
19:46:25.262 [main] DEBUG org.apache.http.wire --  << "content-type: application/json[\r][\n]"
19:46:25.262 [main] DEBUG org.apache.http.wire --  << "date: Wed, 03 May 2023 12:46:53 GMT[\r][\n]"
19:46:25.262 [main] DEBUG org.apache.http.wire --  << "content-encoding: gzip[\r][\n]"
19:46:25.262 [main] DEBUG org.apache.http.wire --  << "transfer-encoding: chunked[\r][\n]"
19:46:25.262 [main] DEBUG org.apache.http.wire --  << "server: Fly/199ec4d3 (2023-04-25)[\r][\n]"
19:46:25.262 [main] DEBUG org.apache.http.wire --  << "via: 1.1 fly.io[\r][\n]"
19:46:25.262 [main] DEBUG org.apache.http.wire --  << "fly-request-id: 01GZGTDF4QTW843Y9T0888R446-sin[\r][\n]"
19:46:25.262 [main] DEBUG org.apache.http.wire --  << "[\r][\n]"
19:46:25.262 [main] DEBUG org.apache.http.impl.conn.DefaultClientConnection -- Receiving response: HTTP/1.1 400 Bad Request
19:46:25.262 [main] DEBUG org.apache.http.headers -- << HTTP/1.1 400 Bad Request
19:46:25.262 [main] DEBUG org.apache.http.headers -- << content-type: application/json
19:46:25.262 [main] DEBUG org.apache.http.headers -- << date: Wed, 03 May 2023 12:46:53 GMT
19:46:25.262 [main] DEBUG org.apache.http.headers -- << content-encoding: gzip
19:46:25.262 [main] DEBUG org.apache.http.headers -- << transfer-encoding: chunked
19:46:25.262 [main] DEBUG org.apache.http.headers -- << server: Fly/199ec4d3 (2023-04-25)
19:46:25.262 [main] DEBUG org.apache.http.headers -- << via: 1.1 fly.io
19:46:25.262 [main] DEBUG org.apache.http.headers -- << fly-request-id: 01GZGTDF4QTW843Y9T0888R446-sin
19:46:25.262 [main] DEBUG org.apache.http.impl.client.DefaultHttpClient -- Connection can be kept alive indefinitely
19:46:25.262 [main] DEBUG io.restassured.internal.RestAssuredHttpBuilder -- Parsing response as: application/json
19:46:25.263 [main] DEBUG org.apache.http.wire --  << "3D[\r][\n]"
19:46:25.263 [main] DEBUG org.apache.http.wire --  << "[0x1f][0x8b][0x8][0x0][0x0][0x0][0x0][0x0][0x4][0xff][0xab]VJ-*[0xca]/R[0xb2]RJ[0xcd]M[0xcc][0xcc]Q[0xc8]/R(H,..[0xcf]/JQ[0xc8],V[0xc8][0xcc]+K[0xcc][0xc9]LQ[0xaa][0xe5][0x2][0x0][0xc0][0xad][0xff][0xb])[0x0][0x0][0x0]"
19:46:25.263 [main] DEBUG org.apache.http.wire --  << "[\r][\n]"
19:46:25.263 [main] DEBUG org.apache.http.wire --  << "0[\r][\n]"
19:46:25.263 [main] DEBUG org.apache.http.wire --  << "[\r][\n]"
19:46:25.263 [main] DEBUG io.restassured.internal.RestAssuredHttpBuilder -- Parsed data to instance of: class org.apache.http.conn.EofSensorInputStream
19:46:25.264 [main] DEBUG org.apache.http.impl.conn.BasicClientConnectionManager -- Releasing connection org.apache.http.impl.conn.ManagedClientConnectionImpl@37d81587
19:46:25.264 [main] DEBUG org.apache.http.impl.conn.BasicClientConnectionManager -- Connection can be kept alive indefinitely
19:46:25.265 [main] DEBUG net.thucydides.core.steps.StepInterceptor -- STEP DONE: user send POST HTTP request with invalid data
  &amp#27;[32mWhen &amp#27;[0m&amp#27;[32muser send POST HTTP request with invalid data&amp#27;[0m         &amp#27;[90m# starter.stepdefinitions.UserSteps.userSendPOSTHTTPRequestWithInvalidData()&amp#27;[0m
19:46:25.268 [main] DEBUG net.thucydides.core.steps.StepInterceptor -- STARTING STEP: UserSteps.userSeeStatusCode400 - user see status code 400
19:46:25.269 [main] DEBUG net.thucydides.core.steps.StepInterceptor -- STEP DONE: user see status code 400
  &amp#27;[32mThen &amp#27;[0m&amp#27;[32muser see status code 400&amp#27;[0m                              &amp#27;[90m# starter.stepdefinitions.UserSteps.userSeeStatusCode400()&amp#27;[0m
19:46:25.272 [main] DEBUG net.thucydides.core.steps.StepInterceptor -- STARTING STEP: UserSteps.userGetErrorMessage - user get error message
19:46:25.746 [main] DEBUG net.thucydides.core.steps.StepInterceptor -- STEP DONE: user get error message
  &amp#27;[32mAnd &amp#27;[0m&amp#27;[32muser get error message&amp#27;[0m                                 &amp#27;[90m# starter.stepdefinitions.UserSteps.userGetErrorMessage()&amp#27;[0m
19:46:25.751 [main] INFO  -- 
  _____   ___   ___   _____     ___     _     ___   ___   ___   ___  
 |_   _| | __| / __| |_   _|   | _ \   /_\   / __| / __| | __| |   \ 
   | |   | _|  \__ \   | |     |  _/  / _ \  \__ \ \__ \ | _|  | |) |
   |_|   |___| |___/   |_|     |_|   /_/ \_\ |___/ |___/ |___| |___/ 

POST - As a user i want to login with invalid data
----------------------------------------------------------------------
]]></system-out>
  </testcase>
  <testcase name="POST - As a user I want to create a new order" classname="As user i want to test order on website" time="0.296">
    <system-out><![CDATA[19:46:25.753 [main] DEBUG io.cucumber.core.plugin.SerenityReporter -- Running feature from file:///C:/Users/Admin/IdeaProjects/miniproject-api/src/test/resources/features/orders.feature
19:46:25.760 [main] DEBUG net.thucydides.core.steps.StepEventBus -- Test suite started for story net.thucydides.core.model.Story@15d4afc6
19:46:25.761 [main] INFO  -- Test Suite Started: As user i want to test order on website

@Orders
Scenario: POST - As a user I want to create a new order &amp#27;[90m# src/test/resources/features/orders.feature:4&amp#27;[0m
19:46:25.775 [main] DEBUG io.cucumber.core.plugin.SerenityReporter -- Running feature from file:///C:/Users/Admin/IdeaProjects/miniproject-api/src/test/resources/features/orders.feature
19:46:25.778 [main] INFO  -- 
  _____   ___   ___   _____     ___   _____     _     ___   _____   ___   ___  
 |_   _| | __| / __| |_   _|   / __| |_   _|   /_\   | _ \ |_   _| | __| |   \ 
   | |   | _|  \__ \   | |     \__ \   | |    / _ \  |   /   | |   | _|  | |) |
   |_|   |___| |___/   |_|     |___/   |_|   /_/ \_\ |_|_\   |_|   |___| |___/ 

POST - As a user I want to create a new order(as-user-i-want-to-test-order-on-website;post---as-a-user-i-want-to-create-a-new-order)
--------------------------------------------------------------------------------
19:46:25.813 [main] DEBUG net.thucydides.core.steps.StepInterceptor -- STARTING STEP: UserSteps.userSetEndpointForOrder - user set endpoint for order
19:46:25.813 [main] DEBUG net.thucydides.core.steps.StepInterceptor -- STEP DONE: user set endpoint for order
  &amp#27;[32mGiven &amp#27;[0m&amp#27;[32muser set endpoint for order&amp#27;[0m                     &amp#27;[90m# starter.stepdefinitions.UserSteps.userSetEndpointForOrder()&amp#27;[0m
19:46:25.819 [main] DEBUG net.thucydides.core.steps.StepInterceptor -- STARTING STEP: UserSteps.userSuccessLoginWithValidAccount - user success login with valid account
19:46:25.843 [main] DEBUG org.apache.http.impl.conn.BasicClientConnectionManager -- Get connection for route {s}->https://altashop-api.fly.dev:443
19:46:25.844 [main] DEBUG org.apache.http.impl.conn.DefaultClientConnectionOperator -- Connecting to altashop-api.fly.dev:443
19:46:25.889 [main] DEBUG org.apache.http.client.protocol.RequestAddCookies -- CookieSpec selected: ignoreCookies
19:46:25.889 [main] DEBUG org.apache.http.client.protocol.RequestAuthCache -- Auth cache not set in the context
19:46:25.889 [main] DEBUG org.apache.http.client.protocol.RequestTargetAuthentication -- Target auth state: UNCHALLENGED
19:46:25.889 [main] DEBUG org.apache.http.client.protocol.RequestProxyAuthentication -- Proxy auth state: UNCHALLENGED
19:46:25.889 [main] DEBUG org.apache.http.impl.client.DefaultHttpClient -- Attempt 1 to execute request
19:46:25.889 [main] DEBUG org.apache.http.impl.conn.DefaultClientConnection -- Sending request: POST /api/auth/login HTTP/1.1
19:46:25.889 [main] DEBUG org.apache.http.wire --  >> "POST /api/auth/login HTTP/1.1[\r][\n]"
19:46:25.889 [main] DEBUG org.apache.http.wire --  >> "Accept: */*[\r][\n]"
19:46:25.889 [main] DEBUG org.apache.http.wire --  >> "Content-Type: application/json[\r][\n]"
19:46:25.889 [main] DEBUG org.apache.http.wire --  >> "Content-Length: 48[\r][\n]"
19:46:25.889 [main] DEBUG org.apache.http.wire --  >> "Host: altashop-api.fly.dev[\r][\n]"
19:46:25.889 [main] DEBUG org.apache.http.wire --  >> "Connection: Keep-Alive[\r][\n]"
19:46:25.889 [main] DEBUG org.apache.http.wire --  >> "User-Agent: Apache-HttpClient/4.5.13 (Java/19.0.2)[\r][\n]"
19:46:25.889 [main] DEBUG org.apache.http.wire --  >> "Accept-Encoding: gzip,deflate[\r][\n]"
19:46:25.889 [main] DEBUG org.apache.http.wire --  >> "[\r][\n]"
19:46:25.889 [main] DEBUG org.apache.http.headers -- >> POST /api/auth/login HTTP/1.1
19:46:25.889 [main] DEBUG org.apache.http.headers -- >> Accept: */*
19:46:25.889 [main] DEBUG org.apache.http.headers -- >> Content-Type: application/json
19:46:25.889 [main] DEBUG org.apache.http.headers -- >> Content-Length: 48
19:46:25.890 [main] DEBUG org.apache.http.headers -- >> Host: altashop-api.fly.dev
19:46:25.890 [main] DEBUG org.apache.http.headers -- >> Connection: Keep-Alive
19:46:25.890 [main] DEBUG org.apache.http.headers -- >> User-Agent: Apache-HttpClient/4.5.13 (Java/19.0.2)
19:46:25.890 [main] DEBUG org.apache.http.headers -- >> Accept-Encoding: gzip,deflate
19:46:25.890 [main] DEBUG org.apache.http.wire --  >> "{"password":"123123","email":"someone@mail.com"}"
19:46:25.911 [main] DEBUG org.apache.http.wire --  << "HTTP/1.1 200 OK[\r][\n]"
19:46:25.911 [main] DEBUG org.apache.http.wire --  << "content-type: application/json[\r][\n]"
19:46:25.911 [main] DEBUG org.apache.http.wire --  << "date: Wed, 03 May 2023 12:46:54 GMT[\r][\n]"
19:46:25.911 [main] DEBUG org.apache.http.wire --  << "content-encoding: gzip[\r][\n]"
19:46:25.911 [main] DEBUG org.apache.http.wire --  << "transfer-encoding: chunked[\r][\n]"
19:46:25.911 [main] DEBUG org.apache.http.wire --  << "server: Fly/199ec4d3 (2023-04-25)[\r][\n]"
19:46:25.911 [main] DEBUG org.apache.http.wire --  << "via: 1.1 fly.io[\r][\n]"
19:46:25.911 [main] DEBUG org.apache.http.wire --  << "fly-request-id: 01GZGTDFS1E82W5TB2C6Q0FCHH-sin[\r][\n]"
19:46:25.911 [main] DEBUG org.apache.http.wire --  << "[\r][\n]"
19:46:25.911 [main] DEBUG org.apache.http.impl.conn.DefaultClientConnection -- Receiving response: HTTP/1.1 200 OK
19:46:25.911 [main] DEBUG org.apache.http.headers -- << HTTP/1.1 200 OK
19:46:25.911 [main] DEBUG org.apache.http.headers -- << content-type: application/json
19:46:25.911 [main] DEBUG org.apache.http.headers -- << date: Wed, 03 May 2023 12:46:54 GMT
19:46:25.911 [main] DEBUG org.apache.http.headers -- << content-encoding: gzip
19:46:25.911 [main] DEBUG org.apache.http.headers -- << transfer-encoding: chunked
19:46:25.911 [main] DEBUG org.apache.http.headers -- << server: Fly/199ec4d3 (2023-04-25)
19:46:25.911 [main] DEBUG org.apache.http.headers -- << via: 1.1 fly.io
19:46:25.911 [main] DEBUG org.apache.http.headers -- << fly-request-id: 01GZGTDFS1E82W5TB2C6Q0FCHH-sin
19:46:25.911 [main] DEBUG org.apache.http.impl.client.DefaultHttpClient -- Connection can be kept alive indefinitely
19:46:25.911 [main] DEBUG io.restassured.internal.RestAssuredHttpBuilder -- Parsing response as: application/json
19:46:25.911 [main] DEBUG org.apache.http.wire --  << "B1[\r][\n]"
19:46:25.911 [main] DEBUG org.apache.http.wire --  << "[0x1f][0x8b][0x8][0x0][0x0][0x0][0x0][0x0][0x4][0xff][0xab]VJI,IT[0xb2]RJ[0xad][0xf4][0xca]HrO[0xce][0xf4][0xcf][0xf4][0xf2][0xc][0xad][0xf2]4[0xf4][0xcb][0xf4],[0xf6][0xcc][0xb]2Mv[0xf6]4[0xf3][0xcc].[0x88][0x8]s[0xf6][0xb2][0xd4]K[0xad][0xf4]rO[0x9][0xaf](N[0xca]u+[0x89][\n]"
19:46:25.911 [main] DEBUG org.apache.http.wire --  << "[0x6]ID[0x15]$[0xe7][0xf9][0x19]@[0xf8]N[0xbe][0x91][0x11]0[0xb6]g[0xb1]gvXIdxN[0xb1]gV~f[0xb2][0x91]eIT[0xb8]eiT[0xa8][0x13]X[0xcc]'[0xd7][0xaf],)[0xd8][0xcb]R/[0xc9][0xbd] [0xca][0xcf]%[0xdd],[0xd2][0xa3][0xc4];'[0xc4][0xad][0xdc]<[0xbe][0xb2][0xb4]2[0xcf]8[0xd8][0xd1][0xd3]97[0xad],[0xc5]3[0xcc][0xb0]2[0xc2]<[0xd7][0xd3][0xbb]([0xa4]\[0xa9][0x96][0xb][0x0]H[0xcf][0xad]/[0xad][0x0][0x0][0x0]"
19:46:25.911 [main] DEBUG org.apache.http.wire --  << "[\r][\n]"
19:46:25.911 [main] DEBUG org.apache.http.wire --  << "0[\r][\n]"
19:46:25.911 [main] DEBUG org.apache.http.wire --  << "[\r][\n]"
19:46:25.912 [main] DEBUG io.restassured.internal.RestAssuredHttpBuilder -- Parsed data to instance of: class org.apache.http.conn.EofSensorInputStream
19:46:25.913 [main] DEBUG org.apache.http.impl.conn.BasicClientConnectionManager -- Releasing connection org.apache.http.impl.conn.ManagedClientConnectionImpl@1f7557fe
19:46:25.913 [main] DEBUG org.apache.http.impl.conn.BasicClientConnectionManager -- Connection can be kept alive indefinitely
19:46:25.940 [main] DEBUG net.thucydides.core.steps.StepInterceptor -- STEP DONE: user success login with valid account
  &amp#27;[32mAnd &amp#27;[0m&amp#27;[32muser success login with valid account&amp#27;[0m             &amp#27;[90m# starter.stepdefinitions.UserSteps.userSuccessLoginWithValidAccount()&amp#27;[0m
19:46:25.943 [main] DEBUG net.thucydides.core.steps.StepInterceptor -- STARTING STEP: UserSteps.userInputTokenInAuthorization - user input token in authorization
19:46:25.945 [main] DEBUG net.thucydides.core.steps.StepInterceptor -- STARTING STEP: Orders.userInputTokenInAuthorization - user set endpoint for order
19:46:25.945 [main] DEBUG net.thucydides.core.steps.StepInterceptor -- STEP DONE: user set endpoint for order
19:46:25.973 [main] DEBUG org.apache.http.impl.conn.BasicClientConnectionManager -- Get connection for route {s}->https://altashop-api.fly.dev:443
19:46:25.973 [main] DEBUG org.apache.http.impl.conn.DefaultClientConnectionOperator -- Connecting to altashop-api.fly.dev:443
19:46:26.015 [main] DEBUG org.apache.http.client.protocol.RequestAddCookies -- CookieSpec selected: ignoreCookies
19:46:26.015 [main] DEBUG org.apache.http.client.protocol.RequestAuthCache -- Auth cache not set in the context
19:46:26.015 [main] DEBUG org.apache.http.client.protocol.RequestProxyAuthentication -- Proxy auth state: UNCHALLENGED
19:46:26.015 [main] DEBUG org.apache.http.impl.client.DefaultHttpClient -- Attempt 1 to execute request
19:46:26.015 [main] DEBUG org.apache.http.impl.conn.DefaultClientConnection -- Sending request: POST /api/orders HTTP/1.1
19:46:26.015 [main] DEBUG org.apache.http.wire --  >> "POST /api/orders HTTP/1.1[\r][\n]"
19:46:26.015 [main] DEBUG org.apache.http.wire --  >> "Authorization: Bearer eyJhbGciOiJIUzI1NiIsInR5cCI6IkpXVCJ9.eyJGdWxsbmFtZSI6IkZpcnN0bmFtZSBMYXN0bmFtZSIsIkVtYWlsIjoic29tZW9uZUBtYWlsLmNvbSJ9.bGpZNDg6YHtKlTFw7_yuyn3SAICmfvdIV1yX7mIKrTw[\r][\n]"
19:46:26.015 [main] DEBUG org.apache.http.wire --  >> "Accept: */*[\r][\n]"
19:46:26.016 [main] DEBUG org.apache.http.wire --  >> "Content-Type: text/plain; charset=ISO-8859-1[\r][\n]"
19:46:26.016 [main] DEBUG org.apache.http.wire --  >> "Content-Length: 31[\r][\n]"
19:46:26.016 [main] DEBUG org.apache.http.wire --  >> "Host: altashop-api.fly.dev[\r][\n]"
19:46:26.016 [main] DEBUG org.apache.http.wire --  >> "Connection: Keep-Alive[\r][\n]"
19:46:26.016 [main] DEBUG org.apache.http.wire --  >> "User-Agent: Apache-HttpClient/4.5.13 (Java/19.0.2)[\r][\n]"
19:46:26.016 [main] DEBUG org.apache.http.wire --  >> "Accept-Encoding: gzip,deflate[\r][\n]"
19:46:26.016 [main] DEBUG org.apache.http.wire --  >> "[\r][\n]"
19:46:26.016 [main] DEBUG org.apache.http.headers -- >> POST /api/orders HTTP/1.1
19:46:26.016 [main] DEBUG org.apache.http.headers -- >> Authorization: Bearer eyJhbGciOiJIUzI1NiIsInR5cCI6IkpXVCJ9.eyJGdWxsbmFtZSI6IkZpcnN0bmFtZSBMYXN0bmFtZSIsIkVtYWlsIjoic29tZW9uZUBtYWlsLmNvbSJ9.bGpZNDg6YHtKlTFw7_yuyn3SAICmfvdIV1yX7mIKrTw
19:46:26.016 [main] DEBUG org.apache.http.headers -- >> Accept: */*
19:46:26.016 [main] DEBUG org.apache.http.headers -- >> Content-Type: text/plain; charset=ISO-8859-1
19:46:26.016 [main] DEBUG org.apache.http.headers -- >> Content-Length: 31
19:46:26.016 [main] DEBUG org.apache.http.headers -- >> Host: altashop-api.fly.dev
19:46:26.016 [main] DEBUG org.apache.http.headers -- >> Connection: Keep-Alive
19:46:26.016 [main] DEBUG org.apache.http.headers -- >> User-Agent: Apache-HttpClient/4.5.13 (Java/19.0.2)
19:46:26.016 [main] DEBUG org.apache.http.headers -- >> Accept-Encoding: gzip,deflate
19:46:26.017 [main] DEBUG org.apache.http.wire --  >> "[{"quantity":3,"product_id":1}]"
19:46:26.040 [main] DEBUG org.apache.http.wire --  << "HTTP/1.1 200 OK[\r][\n]"
19:46:26.040 [main] DEBUG org.apache.http.wire --  << "content-type: application/json[\r][\n]"
19:46:26.040 [main] DEBUG org.apache.http.wire --  << "date: Wed, 03 May 2023 12:46:54 GMT[\r][\n]"
19:46:26.041 [main] DEBUG org.apache.http.wire --  << "content-encoding: gzip[\r][\n]"
19:46:26.041 [main] DEBUG org.apache.http.wire --  << "transfer-encoding: chunked[\r][\n]"
19:46:26.041 [main] DEBUG org.apache.http.wire --  << "server: Fly/199ec4d3 (2023-04-25)[\r][\n]"
19:46:26.041 [main] DEBUG org.apache.http.wire --  << "via: 1.1 fly.io[\r][\n]"
19:46:26.041 [main] DEBUG org.apache.http.wire --  << "fly-request-id: 01GZGTDFX1MY6E80TM7W7TY26H-sin[\r][\n]"
19:46:26.041 [main] DEBUG org.apache.http.wire --  << "[\r][\n]"
19:46:26.041 [main] DEBUG org.apache.http.impl.conn.DefaultClientConnection -- Receiving response: HTTP/1.1 200 OK
19:46:26.041 [main] DEBUG org.apache.http.headers -- << HTTP/1.1 200 OK
19:46:26.041 [main] DEBUG org.apache.http.headers -- << content-type: application/json
19:46:26.041 [main] DEBUG org.apache.http.headers -- << date: Wed, 03 May 2023 12:46:54 GMT
19:46:26.041 [main] DEBUG org.apache.http.headers -- << content-encoding: gzip
19:46:26.041 [main] DEBUG org.apache.http.headers -- << transfer-encoding: chunked
19:46:26.041 [main] DEBUG org.apache.http.headers -- << server: Fly/199ec4d3 (2023-04-25)
19:46:26.041 [main] DEBUG org.apache.http.headers -- << via: 1.1 fly.io
19:46:26.041 [main] DEBUG org.apache.http.headers -- << fly-request-id: 01GZGTDFX1MY6E80TM7W7TY26H-sin
19:46:26.041 [main] DEBUG org.apache.http.impl.client.DefaultHttpClient -- Connection can be kept alive indefinitely
19:46:26.041 [main] DEBUG io.restassured.internal.RestAssuredHttpBuilder -- Parsing response as: application/json
19:46:26.041 [main] DEBUG org.apache.http.wire --  << "9D[\r][\n]"
19:46:26.041 [main] DEBUG org.apache.http.wire --  << "[0x1f][0x8b][0x8][0x0][0x0][0x0][0x0][0x0][0x4][0xff][0xab]VJI,IT[0xb2][0x8a][0xae]V[0xf2]tQ[0xb2]2400[0xb3][0xd0]Q[\n]"
19:46:26.041 [main] DEBUG org.apache.http.wire --  << "-N-R[0xb2][0x82][0x8][0x99][0x1b][0x1b][0x9a][0xe9]([0xb9][0x95][0xe6][0xe4][0xe4]%[0xe6][0xa6]*Y)[0xb9]e[0x16][0x15][0x97][0x80][0xd8][\n]"
19:46:26.041 [main] DEBUG org.apache.http.wire --  << ">[0x89][0x10][0x86][0x92][0x8e][0x92]knbf[0x8e][0x92][0x95]Rq~nj~^[0xaa][0x3][0x88][0xab][0x97][0x9c][0x9f][0xab][0xa4][0xa3][0x14][0x90]X\\[0x9e]_[0x94][0xa2]d[0xa5]dhdlhd[0xac]T[0xab][0xa3][0x14]P[0x94][0x9f]R[0x9a]\[0xa2]d[0x95]W[0x9a][0x93][0xa3][0xa3][0x14]X[0x9a][0x98]W[0x92]YR[0xa9]de\[0x1b][[0xcb][0x5][0x0][0xd5][0xc3][0x8b][0x9a][0x96][0x0][0x0][0x0]"
19:46:26.041 [main] DEBUG org.apache.http.wire --  << "[\r][\n]"
19:46:26.041 [main] DEBUG org.apache.http.wire --  << "0[\r][\n]"
19:46:26.041 [main] DEBUG org.apache.http.wire --  << "[\r][\n]"
19:46:26.041 [main] DEBUG io.restassured.internal.RestAssuredHttpBuilder -- Parsed data to instance of: class org.apache.http.conn.EofSensorInputStream
19:46:26.043 [main] DEBUG org.apache.http.impl.conn.BasicClientConnectionManager -- Releasing connection org.apache.http.impl.conn.ManagedClientConnectionImpl@6bfdaed7
19:46:26.043 [main] DEBUG org.apache.http.impl.conn.BasicClientConnectionManager -- Connection can be kept alive indefinitely
19:46:26.043 [main] DEBUG net.thucydides.core.steps.StepInterceptor -- STEP DONE: user input token in authorization
  &amp#27;[32mWhen &amp#27;[0m&amp#27;[32muser input token in authorization&amp#27;[0m                &amp#27;[90m# starter.stepdefinitions.UserSteps.userInputTokenInAuthorization()&amp#27;[0m
19:46:26.046 [main] DEBUG net.thucydides.core.steps.StepInterceptor -- STARTING STEP: UserSteps.userSeeStatusCode - user see status code 200
19:46:26.048 [main] DEBUG net.thucydides.core.steps.StepInterceptor -- STEP DONE: user see status code 200
  &amp#27;[32mThen &amp#27;[0m&amp#27;[32muser see status code 200&amp#27;[0m                         &amp#27;[90m# starter.stepdefinitions.UserSteps.userSeeStatusCode()&amp#27;[0m
19:46:26.052 [main] DEBUG net.thucydides.core.steps.StepInterceptor -- STARTING STEP: UserSteps.userSeeNewOrderResponse - user see new order response
19:46:26.054 [main] DEBUG net.thucydides.core.steps.StepInterceptor -- STEP DONE: user see new order response
  &amp#27;[32mAnd &amp#27;[0m&amp#27;[32muser see new order response&amp#27;[0m                       &amp#27;[90m# starter.stepdefinitions.UserSteps.userSeeNewOrderResponse()&amp#27;[0m
19:46:26.056 [main] INFO  -- 
  _____   ___   ___   _____     ___     _     ___   ___   ___   ___  
 |_   _| | __| / __| |_   _|   | _ \   /_\   / __| / __| | __| |   \ 
   | |   | _|  \__ \   | |     |  _/  / _ \  \__ \ \__ \ | _|  | |) |
   |_|   |___| |___/   |_|     |_|   /_/ \_\ |___/ |___/ |___| |___/ 

POST - As a user I want to create a new order
----------------------------------------------------------------------
]]></system-out>
  </testcase>
  <testcase name="GET - As a user I want to list all my order" classname="As user i want to test order on website" time="0.714">
    <system-out><![CDATA[
@Orders
Scenario: GET - As a user I want to list all my order &amp#27;[90m# src/test/resources/features/orders.feature:11&amp#27;[0m
19:46:26.066 [main] DEBUG io.cucumber.core.plugin.SerenityReporter -- Running feature from file:///C:/Users/Admin/IdeaProjects/miniproject-api/src/test/resources/features/orders.feature
19:46:26.071 [main] INFO  -- 
  _____   ___   ___   _____     ___   _____     _     ___   _____   ___   ___  
 |_   _| | __| / __| |_   _|   / __| |_   _|   /_\   | _ \ |_   _| | __| |   \ 
   | |   | _|  \__ \   | |     \__ \   | |    / _ \  |   /   | |   | _|  | |) |
   |_|   |___| |___/   |_|     |___/   |_|   /_/ \_\ |_|_\   |_|   |___| |___/ 

GET - As a user I want to list all my order(as-user-i-want-to-test-order-on-website;get---as-a-user-i-want-to-list-all-my-order)
--------------------------------------------------------------------------------
19:46:26.095 [main] DEBUG net.thucydides.core.steps.StepInterceptor -- STARTING STEP: UserSteps.userSetEndpointForOrder - user set endpoint for order
19:46:26.095 [main] DEBUG net.thucydides.core.steps.StepInterceptor -- STEP DONE: user set endpoint for order
  &amp#27;[32mGiven &amp#27;[0m&amp#27;[32muser set endpoint for order&amp#27;[0m                   &amp#27;[90m# starter.stepdefinitions.UserSteps.userSetEndpointForOrder()&amp#27;[0m
19:46:26.100 [main] DEBUG net.thucydides.core.steps.StepInterceptor -- STARTING STEP: UserSteps.userSendRequestToEndpointOrder - user send request to endpoint order
19:46:26.102 [main] DEBUG net.thucydides.core.steps.StepInterceptor -- STARTING STEP: Orders.userSendRequestToEndpointOrder - user set endpoint for order
19:46:26.102 [main] DEBUG net.thucydides.core.steps.StepInterceptor -- STEP DONE: user set endpoint for order
19:46:26.121 [main] DEBUG org.apache.http.impl.conn.BasicClientConnectionManager -- Get connection for route {s}->https://altashop-api.fly.dev:443
19:46:26.122 [main] DEBUG org.apache.http.impl.conn.DefaultClientConnectionOperator -- Connecting to altashop-api.fly.dev:443
19:46:26.169 [main] DEBUG org.apache.http.client.protocol.RequestAddCookies -- CookieSpec selected: ignoreCookies
19:46:26.169 [main] DEBUG org.apache.http.client.protocol.RequestAuthCache -- Auth cache not set in the context
19:46:26.169 [main] DEBUG org.apache.http.client.protocol.RequestProxyAuthentication -- Proxy auth state: UNCHALLENGED
19:46:26.169 [main] DEBUG org.apache.http.impl.client.DefaultHttpClient -- Attempt 1 to execute request
19:46:26.169 [main] DEBUG org.apache.http.impl.conn.DefaultClientConnection -- Sending request: GET /api/orders HTTP/1.1
19:46:26.169 [main] DEBUG org.apache.http.wire --  >> "GET /api/orders HTTP/1.1[\r][\n]"
19:46:26.169 [main] DEBUG org.apache.http.wire --  >> "Authorization: Bearer eyJhbGciOiJIUzI1NiIsInR5cCI6IkpXVCJ9.eyJGdWxsbmFtZSI6IkZpcnN0bmFtZSBMYXN0bmFtZSIsIkVtYWlsIjoic29tZW9uZUBtYWlsLmNvbSJ9.bGpZNDg6YHtKlTFw7_yuyn3SAICmfvdIV1yX7mIKrTw[\r][\n]"
19:46:26.169 [main] DEBUG org.apache.http.wire --  >> "Accept: */*[\r][\n]"
19:46:26.169 [main] DEBUG org.apache.http.wire --  >> "Host: altashop-api.fly.dev[\r][\n]"
19:46:26.169 [main] DEBUG org.apache.http.wire --  >> "Connection: Keep-Alive[\r][\n]"
19:46:26.169 [main] DEBUG org.apache.http.wire --  >> "User-Agent: Apache-HttpClient/4.5.13 (Java/19.0.2)[\r][\n]"
19:46:26.169 [main] DEBUG org.apache.http.wire --  >> "Accept-Encoding: gzip,deflate[\r][\n]"
19:46:26.169 [main] DEBUG org.apache.http.wire --  >> "[\r][\n]"
19:46:26.169 [main] DEBUG org.apache.http.headers -- >> GET /api/orders HTTP/1.1
19:46:26.169 [main] DEBUG org.apache.http.headers -- >> Authorization: Bearer eyJhbGciOiJIUzI1NiIsInR5cCI6IkpXVCJ9.eyJGdWxsbmFtZSI6IkZpcnN0bmFtZSBMYXN0bmFtZSIsIkVtYWlsIjoic29tZW9uZUBtYWlsLmNvbSJ9.bGpZNDg6YHtKlTFw7_yuyn3SAICmfvdIV1yX7mIKrTw
19:46:26.169 [main] DEBUG org.apache.http.headers -- >> Accept: */*
19:46:26.169 [main] DEBUG org.apache.http.headers -- >> Host: altashop-api.fly.dev
19:46:26.169 [main] DEBUG org.apache.http.headers -- >> Connection: Keep-Alive
19:46:26.169 [main] DEBUG org.apache.http.headers -- >> User-Agent: Apache-HttpClient/4.5.13 (Java/19.0.2)
19:46:26.169 [main] DEBUG org.apache.http.headers -- >> Accept-Encoding: gzip,deflate
19:46:26.662 [main] DEBUG org.apache.http.wire --  << "HTTP/1.1 200 OK[\r][\n]"
19:46:26.662 [main] DEBUG org.apache.http.wire --  << "content-type: application/json[\r][\n]"
19:46:26.662 [main] DEBUG org.apache.http.wire --  << "date: Wed, 03 May 2023 12:46:54 GMT[\r][\n]"
19:46:26.662 [main] DEBUG org.apache.http.wire --  << "content-encoding: gzip[\r][\n]"
19:46:26.662 [main] DEBUG org.apache.http.wire --  << "transfer-encoding: chunked[\r][\n]"
19:46:26.662 [main] DEBUG org.apache.http.wire --  << "server: Fly/199ec4d3 (2023-04-25)[\r][\n]"
19:46:26.662 [main] DEBUG org.apache.http.wire --  << "via: 1.1 fly.io[\r][\n]"
19:46:26.662 [main] DEBUG org.apache.http.wire --  << "fly-request-id: 01GZGTDG1TT3TE6Q9H7KE482AG-sin[\r][\n]"
19:46:26.662 [main] DEBUG org.apache.http.wire --  << "[\r][\n]"
19:46:26.662 [main] DEBUG org.apache.http.impl.conn.DefaultClientConnection -- Receiving response: HTTP/1.1 200 OK
19:46:26.662 [main] DEBUG org.apache.http.headers -- << HTTP/1.1 200 OK
19:46:26.662 [main] DEBUG org.apache.http.headers -- << content-type: application/json
19:46:26.662 [main] DEBUG org.apache.http.headers -- << date: Wed, 03 May 2023 12:46:54 GMT
19:46:26.662 [main] DEBUG org.apache.http.headers -- << content-encoding: gzip
19:46:26.662 [main] DEBUG org.apache.http.headers -- << transfer-encoding: chunked
19:46:26.662 [main] DEBUG org.apache.http.headers -- << server: Fly/199ec4d3 (2023-04-25)
19:46:26.662 [main] DEBUG org.apache.http.headers -- << via: 1.1 fly.io
19:46:26.662 [main] DEBUG org.apache.http.headers -- << fly-request-id: 01GZGTDG1TT3TE6Q9H7KE482AG-sin
19:46:26.662 [main] DEBUG org.apache.http.impl.client.DefaultHttpClient -- Connection can be kept alive indefinitely
19:46:26.663 [main] DEBUG io.restassured.internal.RestAssuredHttpBuilder -- Parsing response as: application/json
19:46:26.663 [main] DEBUG org.apache.http.wire --  << "1BD[\r][\n]"
19:46:26.663 [main] DEBUG org.apache.http.wire --  << "[0x1f][0x8b][0x8][0x0][0x0][0x0][0x0][0x0][0x4][0xff][0xaa]VJI,IT[0xb2][0x8a][0xae]V[\n]"
19:46:26.663 [main] DEBUG org.apache.http.wire --  << "([0xca]O)M.Q[0xb2]Rr[0xac]L[0xcc]UpO-(J[0xcd]V[0xd2]Q[\n]"
19:46:26.663 [main] DEBUG org.apache.http.wire --  << "([0xca]LNU[0xb2]22500[0xd0]Q[\n]"
19:46:26.663 [main] DEBUG org.apache.http.wire --  << ",M[0xcc]+[0xc9],[0xa9]T[0xb2]2[0xd4]Q[\n]"
19:46:26.663 [main] DEBUG org.apache.http.wire --  << ".M*[0xc9]/I[0xcc][0x81][0xca][0xd6][0xea] [0x9b][0x12][0x9c][0x98][\[0x9a][0x97][0xae][0xe0][0x9e][0x98][0x93]XQ[0xa9][0xe0]hl[0x80]d[0x98][0xa5]%n[0xa3],-[0xd1][0xc][0xca][0xcf][0xab]T[0x8][0x8]6%S[0xbb][iQ^fIiQ[0xaa]BH~[0x1][0xc2][0xc]C[0x13][0xdc]N04AsBzfNb^:B[0xb3][0x99][0xa5][0x19]n[0xdd] IT[0x1f]P[0xc3][0x9][0x1e][0xa9][0x89]e[0x95][\n]"
19:46:26.663 [main] DEBUG org.apache.http.wire --  << ".[0xa5]%[0x95][\n]"
19:46:26.663 [main] DEBUG org.apache.http.wire --  << "[0xee]E[0x89]y[0x99]%[0xa9][\n]"
19:46:26.663 [main] DEBUG org.apache.http.wire --  << "[0xce][0xf9][0xb9][0x5][0xa5]%[0xa9]E[0x8]w[0x19][0xe2][0x89]"C[0x3][0x3]TW[0x5][0xe7]&[0xe6][0xe4][0xc0][\r]s[0xcf][0xc9]/K-F[0x18]e[0x8c];[0xb2][0x8d][0xd1][0xc][0xca]M[0xcd]KN,[0xca]TH[0xce][0xcc]+IT(N[0xcd]J,[0xc9]D[0x18][0x84][0xdb][0x1c]4c[0xa8][0x93][0xec][0x6][0x93])[0xae][0xc5][\n]"
19:46:26.663 [main] DEBUG org.apache.http.wire --  << "![0xa9][0x19][\n]"
19:46:26.663 [main] DEBUG org.apache.http.wire --  << "[0xbe][0x89]y[0x99]H![0x8b]7#[0x81]$Q[0xa3][0xc9][0xb3] #?/U![0x2][0x11][0xa2][0x86]F[0x6]`[0x80]3[0xb][0xc1][0x14][0xa0][0x1a]D[0x8d]T[0x18][0x92]X[0x8a]p[0x87][0x11])[0xb9]x[0xd0][0xe9]45E.[0xc0]L[0xcc][0x8c]MLQ[0xc3][0xb][0xaf][0x8b][0x8d][0x91]5[0x1b][X[0x98][0x93][0xa0][0x97][0xa6]6[0x13][0x97][0xfe][0x8d][0x90][0x9d][0xf]Jsd[0xe5]E[0xc0][0xe8]c[0x8a]k^~Qn~i[0xb1]BpIjj[0x8e][0x82]s~b[0x9]"[\r]Z[0x9a][0x9b][0x9a]#[0xe7][0x3][0x14]'[0x19]Z[0x9a][0x1a][0x9a][0xa0]F[0x8c]OfzFIy*[0x88]T[0x8]H,H-R[0x8][0xce][0xc8]G.[0xf7]LL,Lp[0x1a]haifQ[0x1b][[0xcb][0x5][0x0]PC[\r][0xba]7[0x7][0x0][0x0]"
19:46:26.663 [main] DEBUG org.apache.http.wire --  << "[\r][\n]"
19:46:26.663 [main] DEBUG org.apache.http.wire --  << "0[\r][\n]"
19:46:26.663 [main] DEBUG org.apache.http.wire --  << "[\r][\n]"
19:46:26.663 [main] DEBUG io.restassured.internal.RestAssuredHttpBuilder -- Parsed data to instance of: class org.apache.http.conn.EofSensorInputStream
19:46:26.664 [main] DEBUG org.apache.http.impl.conn.BasicClientConnectionManager -- Releasing connection org.apache.http.impl.conn.ManagedClientConnectionImpl@6be1f37f
19:46:26.664 [main] DEBUG org.apache.http.impl.conn.BasicClientConnectionManager -- Connection can be kept alive indefinitely
19:46:26.669 [main] DEBUG net.thucydides.core.steps.StepInterceptor -- STEP DONE: user send request to endpoint order
  &amp#27;[32mWhen &amp#27;[0m&amp#27;[32muser send request to endpoint order&amp#27;[0m            &amp#27;[90m# starter.stepdefinitions.UserSteps.userSendRequestToEndpointOrder()&amp#27;[0m
19:46:26.672 [main] DEBUG net.thucydides.core.steps.StepInterceptor -- STARTING STEP: UserSteps.userInputTokenInAuthorization - user input token in authorization
19:46:26.673 [main] DEBUG net.thucydides.core.steps.StepInterceptor -- STARTING STEP: Orders.userInputTokenInAuthorization - user set endpoint for order
19:46:26.673 [main] DEBUG net.thucydides.core.steps.StepInterceptor -- STEP DONE: user set endpoint for order
19:46:26.686 [main] DEBUG org.apache.http.impl.conn.BasicClientConnectionManager -- Get connection for route {s}->https://altashop-api.fly.dev:443
19:46:26.687 [main] DEBUG org.apache.http.impl.conn.DefaultClientConnectionOperator -- Connecting to altashop-api.fly.dev:443
19:46:26.732 [main] DEBUG org.apache.http.client.protocol.RequestAddCookies -- CookieSpec selected: ignoreCookies
19:46:26.732 [main] DEBUG org.apache.http.client.protocol.RequestAuthCache -- Auth cache not set in the context
19:46:26.732 [main] DEBUG org.apache.http.client.protocol.RequestProxyAuthentication -- Proxy auth state: UNCHALLENGED
19:46:26.732 [main] DEBUG org.apache.http.impl.client.DefaultHttpClient -- Attempt 1 to execute request
19:46:26.733 [main] DEBUG org.apache.http.impl.conn.DefaultClientConnection -- Sending request: POST /api/orders HTTP/1.1
19:46:26.733 [main] DEBUG org.apache.http.wire --  >> "POST /api/orders HTTP/1.1[\r][\n]"
19:46:26.733 [main] DEBUG org.apache.http.wire --  >> "Authorization: Bearer eyJhbGciOiJIUzI1NiIsInR5cCI6IkpXVCJ9.eyJGdWxsbmFtZSI6IkZpcnN0bmFtZSBMYXN0bmFtZSIsIkVtYWlsIjoic29tZW9uZUBtYWlsLmNvbSJ9.bGpZNDg6YHtKlTFw7_yuyn3SAICmfvdIV1yX7mIKrTw[\r][\n]"
19:46:26.733 [main] DEBUG org.apache.http.wire --  >> "Accept: */*[\r][\n]"
19:46:26.733 [main] DEBUG org.apache.http.wire --  >> "Content-Type: text/plain; charset=ISO-8859-1[\r][\n]"
19:46:26.733 [main] DEBUG org.apache.http.wire --  >> "Content-Length: 31[\r][\n]"
19:46:26.733 [main] DEBUG org.apache.http.wire --  >> "Host: altashop-api.fly.dev[\r][\n]"
19:46:26.733 [main] DEBUG org.apache.http.wire --  >> "Connection: Keep-Alive[\r][\n]"
19:46:26.733 [main] DEBUG org.apache.http.wire --  >> "User-Agent: Apache-HttpClient/4.5.13 (Java/19.0.2)[\r][\n]"
19:46:26.733 [main] DEBUG org.apache.http.wire --  >> "Accept-Encoding: gzip,deflate[\r][\n]"
19:46:26.733 [main] DEBUG org.apache.http.wire --  >> "[\r][\n]"
19:46:26.733 [main] DEBUG org.apache.http.headers -- >> POST /api/orders HTTP/1.1
19:46:26.733 [main] DEBUG org.apache.http.headers -- >> Authorization: Bearer eyJhbGciOiJIUzI1NiIsInR5cCI6IkpXVCJ9.eyJGdWxsbmFtZSI6IkZpcnN0bmFtZSBMYXN0bmFtZSIsIkVtYWlsIjoic29tZW9uZUBtYWlsLmNvbSJ9.bGpZNDg6YHtKlTFw7_yuyn3SAICmfvdIV1yX7mIKrTw
19:46:26.733 [main] DEBUG org.apache.http.headers -- >> Accept: */*
19:46:26.733 [main] DEBUG org.apache.http.headers -- >> Content-Type: text/plain; charset=ISO-8859-1
19:46:26.733 [main] DEBUG org.apache.http.headers -- >> Content-Length: 31
19:46:26.733 [main] DEBUG org.apache.http.headers -- >> Host: altashop-api.fly.dev
19:46:26.733 [main] DEBUG org.apache.http.headers -- >> Connection: Keep-Alive
19:46:26.733 [main] DEBUG org.apache.http.headers -- >> User-Agent: Apache-HttpClient/4.5.13 (Java/19.0.2)
19:46:26.733 [main] DEBUG org.apache.http.headers -- >> Accept-Encoding: gzip,deflate
19:46:26.733 [main] DEBUG org.apache.http.wire --  >> "[{"quantity":3,"product_id":1}]"
19:46:26.758 [main] DEBUG org.apache.http.wire --  << "HTTP/1.1 200 OK[\r][\n]"
19:46:26.758 [main] DEBUG org.apache.http.wire --  << "content-type: application/json[\r][\n]"
19:46:26.758 [main] DEBUG org.apache.http.wire --  << "date: Wed, 03 May 2023 12:46:55 GMT[\r][\n]"
19:46:26.758 [main] DEBUG org.apache.http.wire --  << "content-encoding: gzip[\r][\n]"
19:46:26.758 [main] DEBUG org.apache.http.wire --  << "transfer-encoding: chunked[\r][\n]"
19:46:26.758 [main] DEBUG org.apache.http.wire --  << "server: Fly/199ec4d3 (2023-04-25)[\r][\n]"
19:46:26.758 [main] DEBUG org.apache.http.wire --  << "via: 1.1 fly.io[\r][\n]"
19:46:26.758 [main] DEBUG org.apache.http.wire --  << "fly-request-id: 01GZGTDGKDM5SH62841E89WD4F-sin[\r][\n]"
19:46:26.758 [main] DEBUG org.apache.http.wire --  << "[\r][\n]"
19:46:26.758 [main] DEBUG org.apache.http.impl.conn.DefaultClientConnection -- Receiving response: HTTP/1.1 200 OK
19:46:26.758 [main] DEBUG org.apache.http.headers -- << HTTP/1.1 200 OK
19:46:26.758 [main] DEBUG org.apache.http.headers -- << content-type: application/json
19:46:26.758 [main] DEBUG org.apache.http.headers -- << date: Wed, 03 May 2023 12:46:55 GMT
19:46:26.758 [main] DEBUG org.apache.http.headers -- << content-encoding: gzip
19:46:26.758 [main] DEBUG org.apache.http.headers -- << transfer-encoding: chunked
19:46:26.758 [main] DEBUG org.apache.http.headers -- << server: Fly/199ec4d3 (2023-04-25)
19:46:26.758 [main] DEBUG org.apache.http.headers -- << via: 1.1 fly.io
19:46:26.758 [main] DEBUG org.apache.http.headers -- << fly-request-id: 01GZGTDGKDM5SH62841E89WD4F-sin
19:46:26.758 [main] DEBUG org.apache.http.impl.client.DefaultHttpClient -- Connection can be kept alive indefinitely
19:46:26.759 [main] DEBUG io.restassured.internal.RestAssuredHttpBuilder -- Parsing response as: application/json
19:46:26.759 [main] DEBUG org.apache.http.wire --  << "9D[\r][\n]"
19:46:26.759 [main] DEBUG org.apache.http.wire --  << "[0x1f][0x8b][0x8][0x0][0x0][0x0][0x0][0x0][0x4][0xff][0xab]VJI,IT[0xb2][0x8a][0xae]V[0xf2]tQ[0xb2]2400[0xb3][0xd4]Q[\n]"
19:46:26.759 [main] DEBUG org.apache.http.wire --  << "-N-R[0xb2][0x82][0x8][0x99][0x1b][0x1b][0x9a][0xe9]([0xb9][0x95][0xe6][0xe4][0xe4]%[0xe6][0xa6]*Y)[0xb9]e[0x16][0x15][0x97][0x80][0xd8][\n]"
19:46:26.759 [main] DEBUG org.apache.http.wire --  << ">[0x89][0x10][0x86][0x92][0x8e][0x92]knbf[0x8e][0x92][0x95]Rq~nj~^[0xaa][0x3][0x88][0xab][0x97][0x9c][0x9f][0xab][0xa4][0xa3][0x14][0x90]X\\[0x9e]_[0x94][0xa2]d[0xa5]dhdlhd[0xac]T[0xab][0xa3][0x14]P[0x94][0x9f]R[0x9a]\[0xa2]d[0x95]W[0x9a][0x93][0xa3][0xa3][0x14]X[0x9a][0x98]W[0x92]YR[0xa9]de\[0x1b][[0xcb][0x5][0x0]Zbo[0xf8][0x96][0x0][0x0][0x0]"
19:46:26.759 [main] DEBUG org.apache.http.wire --  << "[\r][\n]"
19:46:26.759 [main] DEBUG org.apache.http.wire --  << "0[\r][\n]"
19:46:26.759 [main] DEBUG org.apache.http.wire --  << "[\r][\n]"
19:46:26.759 [main] DEBUG io.restassured.internal.RestAssuredHttpBuilder -- Parsed data to instance of: class org.apache.http.conn.EofSensorInputStream
19:46:26.760 [main] DEBUG org.apache.http.impl.conn.BasicClientConnectionManager -- Releasing connection org.apache.http.impl.conn.ManagedClientConnectionImpl@4d2950ed
19:46:26.760 [main] DEBUG org.apache.http.impl.conn.BasicClientConnectionManager -- Connection can be kept alive indefinitely
19:46:26.761 [main] DEBUG net.thucydides.core.steps.StepInterceptor -- STEP DONE: user input token in authorization
  &amp#27;[32mWhen &amp#27;[0m&amp#27;[32muser input token in authorization&amp#27;[0m              &amp#27;[90m# starter.stepdefinitions.UserSteps.userInputTokenInAuthorization()&amp#27;[0m
19:46:26.763 [main] DEBUG net.thucydides.core.steps.StepInterceptor -- STARTING STEP: UserSteps.userSeeStatusCode - user see status code 200
19:46:26.764 [main] DEBUG net.thucydides.core.steps.StepInterceptor -- STEP DONE: user see status code 200
  &amp#27;[32mAnd &amp#27;[0m&amp#27;[32muser see status code 200&amp#27;[0m                        &amp#27;[90m# starter.stepdefinitions.UserSteps.userSeeStatusCode()&amp#27;[0m
19:46:26.766 [main] DEBUG net.thucydides.core.steps.StepInterceptor -- STARTING STEP: UserSteps.userShowListOfTheOrder - user show list of the order
19:46:26.769 [main] DEBUG net.thucydides.core.steps.StepInterceptor -- STEP DONE: user show list of the order
  &amp#27;[32mThen &amp#27;[0m&amp#27;[32muser show list of the order&amp#27;[0m                    &amp#27;[90m# starter.stepdefinitions.UserSteps.userShowListOfTheOrder()&amp#27;[0m
19:46:26.771 [main] INFO  -- 
  _____   ___   ___   _____     ___     _     ___   ___   ___   ___  
 |_   _| | __| / __| |_   _|   | _ \   /_\   / __| / __| | __| |   \ 
   | |   | _|  \__ \   | |     |  _/  / _ \  \__ \ \__ \ | _|  | |) |
   |_|   |___| |___/   |_|     |_|   /_/ \_\ |___/ |___/ |___| |___/ 

GET - As a user I want to list all my order
----------------------------------------------------------------------
]]></system-out>
  </testcase>
  <testcase name="POST - As a user I want to create a new product" classname="As user i want to see product, create new product, see product by id, delete a product, see product comments" time="0.19">
    <system-out><![CDATA[19:46:26.772 [main] DEBUG io.cucumber.core.plugin.SerenityReporter -- Running feature from file:///C:/Users/Admin/IdeaProjects/miniproject-api/src/test/resources/features/produk.feature
19:46:26.774 [main] DEBUG net.thucydides.core.steps.StepEventBus -- Test suite started for story net.thucydides.core.model.Story@2f62ef95
19:46:26.775 [main] INFO  -- Test Suite Started: As user i want to see product, create new product, see product by id, delete a product, see product comments

@Produk
Scenario: POST - As a user I want to create a new product  &amp#27;[90m# src/test/resources/features/produk.feature:4&amp#27;[0m
19:46:26.778 [main] DEBUG io.cucumber.core.plugin.SerenityReporter -- Running feature from file:///C:/Users/Admin/IdeaProjects/miniproject-api/src/test/resources/features/produk.feature
19:46:26.780 [main] INFO  -- 
  _____   ___   ___   _____     ___   _____     _     ___   _____   ___   ___  
 |_   _| | __| / __| |_   _|   / __| |_   _|   /_\   | _ \ |_   _| | __| |   \ 
   | |   | _|  \__ \   | |     \__ \   | |    / _ \  |   /   | |   | _|  | |) |
   |_|   |___| |___/   |_|     |___/   |_|   /_/ \_\ |_|_\   |_|   |___| |___/ 

POST - As a user I want to create a new product(as-user-i-want-to-see-product--create-new-product--see-product-by-id--delete-a-product--see-product-comments;post---as-a-user-i-want-to-create-a-new-product)
--------------------------------------------------------------------------------
19:46:26.805 [main] DEBUG net.thucydides.core.steps.StepInterceptor -- STARTING STEP: UserSteps.userSetEndpointForProduct - user set endpoint for product
19:46:26.806 [main] DEBUG net.thucydides.core.steps.StepInterceptor -- STEP DONE: user set endpoint for product
  &amp#27;[32mGiven &amp#27;[0m&amp#27;[32muser set endpoint for product&amp#27;[0m                      &amp#27;[90m# starter.stepdefinitions.UserSteps.userSetEndpointForProduct()&amp#27;[0m
19:46:26.812 [main] DEBUG net.thucydides.core.steps.StepInterceptor -- STARTING STEP: UserSteps.userSendPOSTHTTPRequestWithValidDataProduct - user send POST HTTP request with valid data product
19:46:26.814 [main] DEBUG net.thucydides.core.steps.StepInterceptor -- STARTING STEP: Produk.userSendPOSTHTTPRequestWithValidDataProduct - user set endpoint for product
19:46:26.814 [main] DEBUG net.thucydides.core.steps.StepInterceptor -- STEP DONE: user set endpoint for product
19:46:26.876 [main] DEBUG org.apache.http.impl.conn.BasicClientConnectionManager -- Get connection for route {s}->https://altashop-api.fly.dev:443
19:46:26.878 [main] DEBUG org.apache.http.impl.conn.DefaultClientConnectionOperator -- Connecting to altashop-api.fly.dev:443
19:46:26.923 [main] DEBUG org.apache.http.client.protocol.RequestAddCookies -- CookieSpec selected: ignoreCookies
19:46:26.923 [main] DEBUG org.apache.http.client.protocol.RequestAuthCache -- Auth cache not set in the context
19:46:26.923 [main] DEBUG org.apache.http.client.protocol.RequestProxyAuthentication -- Proxy auth state: UNCHALLENGED
19:46:26.923 [main] DEBUG org.apache.http.impl.client.DefaultHttpClient -- Attempt 1 to execute request
19:46:26.923 [main] DEBUG org.apache.http.impl.conn.DefaultClientConnection -- Sending request: POST /api/products HTTP/1.1
19:46:26.923 [main] DEBUG org.apache.http.wire --  >> "POST /api/products HTTP/1.1[\r][\n]"
19:46:26.923 [main] DEBUG org.apache.http.wire --  >> "Authorization: Bearer eyJhbGciOiJIUzI1NiIsInR5cCI6IkpXVCJ9.eyJGdWxsbmFtZSI6IkZpcnN0bmFtZSBMYXN0bmFtZSIsIkVtYWlsIjoic29tZW9uZUBtYWlsLmNvbSJ9.bGpZNDg6YHtKlTFw7_yuyn3SAICmfvdIV1yX7mIKrTw[\r][\n]"
19:46:26.923 [main] DEBUG org.apache.http.wire --  >> "Accept: */*[\r][\n]"
19:46:26.923 [main] DEBUG org.apache.http.wire --  >> "Content-Type: text/plain; charset=ISO-8859-1[\r][\n]"
19:46:26.923 [main] DEBUG org.apache.http.wire --  >> "Content-Length: 52[\r][\n]"
19:46:26.923 [main] DEBUG org.apache.http.wire --  >> "Host: altashop-api.fly.dev[\r][\n]"
19:46:26.923 [main] DEBUG org.apache.http.wire --  >> "Connection: Keep-Alive[\r][\n]"
19:46:26.923 [main] DEBUG org.apache.http.wire --  >> "User-Agent: Apache-HttpClient/4.5.13 (Java/19.0.2)[\r][\n]"
19:46:26.923 [main] DEBUG org.apache.http.wire --  >> "Accept-Encoding: gzip,deflate[\r][\n]"
19:46:26.923 [main] DEBUG org.apache.http.wire --  >> "[\r][\n]"
19:46:26.923 [main] DEBUG org.apache.http.headers -- >> POST /api/products HTTP/1.1
19:46:26.923 [main] DEBUG org.apache.http.headers -- >> Authorization: Bearer eyJhbGciOiJIUzI1NiIsInR5cCI6IkpXVCJ9.eyJGdWxsbmFtZSI6IkZpcnN0bmFtZSBMYXN0bmFtZSIsIkVtYWlsIjoic29tZW9uZUBtYWlsLmNvbSJ9.bGpZNDg6YHtKlTFw7_yuyn3SAICmfvdIV1yX7mIKrTw
19:46:26.923 [main] DEBUG org.apache.http.headers -- >> Accept: */*
19:46:26.923 [main] DEBUG org.apache.http.headers -- >> Content-Type: text/plain; charset=ISO-8859-1
19:46:26.923 [main] DEBUG org.apache.http.headers -- >> Content-Length: 52
19:46:26.923 [main] DEBUG org.apache.http.headers -- >> Host: altashop-api.fly.dev
19:46:26.923 [main] DEBUG org.apache.http.headers -- >> Connection: Keep-Alive
19:46:26.923 [main] DEBUG org.apache.http.headers -- >> User-Agent: Apache-HttpClient/4.5.13 (Java/19.0.2)
19:46:26.923 [main] DEBUG org.apache.http.headers -- >> Accept-Encoding: gzip,deflate
19:46:26.923 [main] DEBUG org.apache.http.wire --  >> "{"price":3000,"name":"PS4","description":"ps4 baru"}"
19:46:26.952 [main] DEBUG org.apache.http.wire --  << "HTTP/1.1 200 OK[\r][\n]"
19:46:26.953 [main] DEBUG org.apache.http.wire --  << "content-type: application/json[\r][\n]"
19:46:26.953 [main] DEBUG org.apache.http.wire --  << "date: Wed, 03 May 2023 12:46:55 GMT[\r][\n]"
19:46:26.953 [main] DEBUG org.apache.http.wire --  << "content-encoding: gzip[\r][\n]"
19:46:26.953 [main] DEBUG org.apache.http.wire --  << "transfer-encoding: chunked[\r][\n]"
19:46:26.953 [main] DEBUG org.apache.http.wire --  << "server: Fly/199ec4d3 (2023-04-25)[\r][\n]"
19:46:26.953 [main] DEBUG org.apache.http.wire --  << "via: 1.1 fly.io[\r][\n]"
19:46:26.953 [main] DEBUG org.apache.http.wire --  << "fly-request-id: 01GZGTDGSBJMNR87XABK9MPQWZ-sin[\r][\n]"
19:46:26.953 [main] DEBUG org.apache.http.wire --  << "[\r][\n]"
19:46:26.953 [main] DEBUG org.apache.http.impl.conn.DefaultClientConnection -- Receiving response: HTTP/1.1 200 OK
19:46:26.953 [main] DEBUG org.apache.http.headers -- << HTTP/1.1 200 OK
19:46:26.953 [main] DEBUG org.apache.http.headers -- << content-type: application/json
19:46:26.953 [main] DEBUG org.apache.http.headers -- << date: Wed, 03 May 2023 12:46:55 GMT
19:46:26.953 [main] DEBUG org.apache.http.headers -- << content-encoding: gzip
19:46:26.953 [main] DEBUG org.apache.http.headers -- << transfer-encoding: chunked
19:46:26.953 [main] DEBUG org.apache.http.headers -- << server: Fly/199ec4d3 (2023-04-25)
19:46:26.953 [main] DEBUG org.apache.http.headers -- << via: 1.1 fly.io
19:46:26.953 [main] DEBUG org.apache.http.headers -- << fly-request-id: 01GZGTDGSBJMNR87XABK9MPQWZ-sin
19:46:26.953 [main] DEBUG org.apache.http.impl.client.DefaultHttpClient -- Connection can be kept alive indefinitely
19:46:26.953 [main] DEBUG io.restassured.internal.RestAssuredHttpBuilder -- Parsing response as: application/json
19:46:26.953 [main] DEBUG org.apache.http.wire --  << "79[\r][\n]"
19:46:26.953 [main] DEBUG org.apache.http.wire --  << "[0x1f][0x8b][0x8][0x0][0x0][0x0][0x0][0x0][0x4][0xff][0xab]VJI,IT[0xb2][0xaa]V[0xf2]tQ[0xb2]24[0xb2]04[0xd6]Q[0xf2]K[0xcc]MU[0xb2]R[\n]"
19:46:26.953 [main] DEBUG org.apache.http.wire --  << "[0x8]6Q[0xd2]QrI-N.[0xca],([0xc9][0xcc][0xcf]S[0xb2]R*(6QHJ,*U[0xd2]Q[\n]"
19:46:26.953 [main] DEBUG org.apache.http.wire --  << "([0xca]LNU[0xb2]2600[0xd0]Q[\n]"
19:46:26.953 [main] DEBUG org.apache.http.wire --  << "J,[0xc9][0xcc]K/V[0xb2]2[0xd0]QrN,IM[0xcf]/[0xca]L-V[0xb2][0x8a][0x8e][0xad][0xad][0xe5][0x2][0x0]d[0xbc][0xee][0xd5]e[0x0][0x0][0x0]"
19:46:26.953 [main] DEBUG org.apache.http.wire --  << "[\r][\n]"
19:46:26.953 [main] DEBUG org.apache.http.wire --  << "0[\r][\n]"
19:46:26.953 [main] DEBUG org.apache.http.wire --  << "[\r][\n]"
19:46:26.953 [main] DEBUG io.restassured.internal.RestAssuredHttpBuilder -- Parsed data to instance of: class org.apache.http.conn.EofSensorInputStream
19:46:26.954 [main] DEBUG org.apache.http.impl.conn.BasicClientConnectionManager -- Releasing connection org.apache.http.impl.conn.ManagedClientConnectionImpl@22e95960
19:46:26.954 [main] DEBUG org.apache.http.impl.conn.BasicClientConnectionManager -- Connection can be kept alive indefinitely
19:46:26.955 [main] DEBUG net.thucydides.core.steps.StepInterceptor -- STEP DONE: user send POST HTTP request with valid data product
  &amp#27;[32mWhen &amp#27;[0m&amp#27;[32muser send POST HTTP request with valid data product&amp#27;[0m &amp#27;[90m# starter.stepdefinitions.UserSteps.userSendPOSTHTTPRequestWithValidDataProduct()&amp#27;[0m
19:46:26.957 [main] DEBUG net.thucydides.core.steps.StepInterceptor -- STARTING STEP: UserSteps.userSeeStatusCode - user see status code 200
19:46:26.957 [main] DEBUG net.thucydides.core.steps.StepInterceptor -- STEP DONE: user see status code 200
  &amp#27;[32mThen &amp#27;[0m&amp#27;[32muser see status code 200&amp#27;[0m                            &amp#27;[90m# starter.stepdefinitions.UserSteps.userSeeStatusCode()&amp#27;[0m
19:46:26.960 [main] DEBUG net.thucydides.core.steps.StepInterceptor -- STARTING STEP: UserSteps.userSeeNewDetailProduct - user see new detail product
19:46:26.962 [main] DEBUG net.thucydides.core.steps.StepInterceptor -- STEP DONE: user see new detail product
  &amp#27;[32mAnd &amp#27;[0m&amp#27;[32muser see new detail product&amp#27;[0m                          &amp#27;[90m# starter.stepdefinitions.UserSteps.userSeeNewDetailProduct()&amp#27;[0m
19:46:26.964 [main] INFO  -- 
  _____   ___   ___   _____     ___     _     ___   ___   ___   ___  
 |_   _| | __| / __| |_   _|   | _ \   /_\   / __| / __| | __| |   \ 
   | |   | _|  \__ \   | |     |  _/  / _ \  \__ \ \__ \ | _|  | |) |
   |_|   |___| |___/   |_|     |_|   /_/ \_\ |___/ |___/ |___| |___/ 

POST - As a user I want to create a new product
----------------------------------------------------------------------
]]></system-out>
  </testcase>
  <testcase name="GET - As a user I want to get all product" classname="As user i want to see product, create new product, see product by id, delete a product, see product comments" time="0.902">
    <system-out><![CDATA[
@Produk
Scenario: GET - As a user I want to get all product &amp#27;[90m# src/test/resources/features/produk.feature:10&amp#27;[0m
19:46:26.969 [main] DEBUG io.cucumber.core.plugin.SerenityReporter -- Running feature from file:///C:/Users/Admin/IdeaProjects/miniproject-api/src/test/resources/features/produk.feature
19:46:26.971 [main] INFO  -- 
  _____   ___   ___   _____     ___   _____     _     ___   _____   ___   ___  
 |_   _| | __| / __| |_   _|   / __| |_   _|   /_\   | _ \ |_   _| | __| |   \ 
   | |   | _|  \__ \   | |     \__ \   | |    / _ \  |   /   | |   | _|  | |) |
   |_|   |___| |___/   |_|     |___/   |_|   /_/ \_\ |_|_\   |_|   |___| |___/ 

GET - As a user I want to get all product(as-user-i-want-to-see-product--create-new-product--see-product-by-id--delete-a-product--see-product-comments;get---as-a-user-i-want-to-get-all-product)
--------------------------------------------------------------------------------
19:46:26.991 [main] DEBUG net.thucydides.core.steps.StepInterceptor -- STARTING STEP: UserSteps.userSetEndpointForProduct - user set endpoint for product
19:46:26.991 [main] DEBUG net.thucydides.core.steps.StepInterceptor -- STEP DONE: user set endpoint for product
  &amp#27;[32mGiven &amp#27;[0m&amp#27;[32muser set endpoint for product&amp#27;[0m               &amp#27;[90m# starter.stepdefinitions.UserSteps.userSetEndpointForProduct()&amp#27;[0m
19:46:26.994 [main] DEBUG net.thucydides.core.steps.StepInterceptor -- STARTING STEP: UserSteps.userSendRequest - user send request
19:46:26.996 [main] DEBUG net.thucydides.core.steps.StepInterceptor -- STARTING STEP: Produk.userSendRequest - user set endpoint for product
19:46:26.996 [main] DEBUG net.thucydides.core.steps.StepInterceptor -- STEP DONE: user set endpoint for product
[...]

GET - As a user I want to get all categories
----------------------------------------------------------------------
]]></system-out>
  </testcase>
  <testcase name="POST - As a user I success to create account with valid data" classname="As user i want to create account So that i can login and see home page" time="0.328">
    <system-out><![CDATA[19:46:28.669 [main] DEBUG io.cucumber.core.plugin.SerenityReporter -- Running feature from file:///C:/Users/Admin/IdeaProjects/miniproject-api/src/test/resources/features/register.feature
19:46:28.671 [main] DEBUG net.thucydides.core.steps.StepEventBus -- Test suite started for story net.thucydides.core.model.Story@c1050949
19:46:28.672 [main] INFO  -- Test Suite Started: As user i want to create account So that i can login and see home page

@Register
Scenario: POST - As a user I success to create account with valid data &amp#27;[90m# src/test/resources/features/register.feature:4&amp#27;[0m
19:46:28.675 [main] DEBUG io.cucumber.core.plugin.SerenityReporter -- Running feature from file:///C:/Users/Admin/IdeaProjects/miniproject-api/src/test/resources/features/register.feature
19:46:28.676 [main] INFO  -- 
  _____   ___   ___   _____     ___   _____     _     ___   _____   ___   ___  
 |_   _| | __| / __| |_   _|   / __| |_   _|   /_\   | _ \ |_   _| | __| |   \ 
   | |   | _|  \__ \   | |     \__ \   | |    / _ \  |   /   | |   | _|  | |) |
   |_|   |___| |___/   |_|     |___/   |_|   /_/ \_\ |_|_\   |_|   |___| |___/ 

POST - As a user I success to create account with valid data(as-user-i-want-to-create-account-so-that-i-can-login-and-see-home-page;post---as-a-user-i-success-to-create-account-with-valid-data)
--------------------------------------------------------------------------------
19:46:28.721 [main] DEBUG net.thucydides.core.steps.StepInterceptor -- STARTING STEP: UserSteps.userSetEndpointForRegister - user set endpoint for register
19:46:28.722 [main] DEBUG net.thucydides.core.steps.StepInterceptor -- STEP DONE: user set endpoint for register
  &amp#27;[32mGiven &amp#27;[0m&amp#27;[32muser set endpoint for register&amp#27;[0m                                 &amp#27;[90m# starter.stepdefinitions.UserSteps.userSetEndpointForRegister()&amp#27;[0m
19:46:28.728 [main] DEBUG net.thucydides.core.steps.StepInterceptor -- STARTING STEP: UserSteps.userSendCreateAccountWithValidData - user send create account with valid data
19:46:28.903 [main] DEBUG net.thucydides.core.steps.StepInterceptor -- STARTING STEP: Authentication_Register_Post.userSendCreateAccountWithValidData - user set endpoint for register
19:46:28.903 [main] DEBUG net.thucydides.core.steps.StepInterceptor -- STEP DONE: user set endpoint for register
19:46:28.914 [main] DEBUG org.apache.http.impl.conn.BasicClientConnectionManager -- Get connection for route {s}->https://altashop-api.fly.dev:443
19:46:28.914 [main] DEBUG org.apache.http.impl.conn.DefaultClientConnectionOperator -- Connecting to altashop-api.fly.dev:443
19:46:28.962 [main] DEBUG org.apache.http.client.protocol.RequestAddCookies -- CookieSpec selected: ignoreCookies
19:46:28.963 [main] DEBUG org.apache.http.client.protocol.RequestAuthCache -- Auth cache not set in the context
19:46:28.963 [main] DEBUG org.apache.http.client.protocol.RequestTargetAuthentication -- Target auth state: UNCHALLENGED
19:46:28.963 [main] DEBUG org.apache.http.client.protocol.RequestProxyAuthentication -- Proxy auth state: UNCHALLENGED
19:46:28.963 [main] DEBUG org.apache.http.impl.client.DefaultHttpClient -- Attempt 1 to execute request
19:46:28.963 [main] DEBUG org.apache.http.impl.conn.DefaultClientConnection -- Sending request: POST /api/auth/register HTTP/1.1
19:46:28.963 [main] DEBUG org.apache.http.wire --  >> "POST /api/auth/register HTTP/1.1[\r][\n]"
19:46:28.963 [main] DEBUG org.apache.http.wire --  >> "Accept: */*[\r][\n]"
19:46:28.963 [main] DEBUG org.apache.http.wire --  >> "Content-Type: application/json[\r][\n]"
19:46:28.963 [main] DEBUG org.apache.http.wire --  >> "Content-Length: 104[\r][\n]"
19:46:28.963 [main] DEBUG org.apache.http.wire --  >> "Host: altashop-api.fly.dev[\r][\n]"
19:46:28.963 [main] DEBUG org.apache.http.wire --  >> "Connection: Keep-Alive[\r][\n]"
19:46:28.963 [main] DEBUG org.apache.http.wire --  >> "User-Agent: Apache-HttpClient/4.5.13 (Java/19.0.2)[\r][\n]"
19:46:28.963 [main] DEBUG org.apache.http.wire --  >> "Accept-Encoding: gzip,deflate[\r][\n]"
19:46:28.963 [main] DEBUG org.apache.http.wire --  >> "[\r][\n]"
19:46:28.963 [main] DEBUG org.apache.http.headers -- >> POST /api/auth/register HTTP/1.1
19:46:28.963 [main] DEBUG org.apache.http.headers -- >> Accept: */*
19:46:28.963 [main] DEBUG org.apache.http.headers -- >> Content-Type: application/json
19:46:28.963 [main] DEBUG org.apache.http.headers -- >> Content-Length: 104
19:46:28.963 [main] DEBUG org.apache.http.headers -- >> Host: altashop-api.fly.dev
19:46:28.963 [main] DEBUG org.apache.http.headers -- >> Connection: Keep-Alive
19:46:28.963 [main] DEBUG org.apache.http.headers -- >> User-Agent: Apache-HttpClient/4.5.13 (Java/19.0.2)
19:46:28.963 [main] DEBUG org.apache.http.headers -- >> Accept-Encoding: gzip,deflate
19:46:28.963 [main] DEBUG org.apache.http.wire --  >> "{"password":"akbarrizkyfahrurozy","fullname":"Akbar Rizky Fahrurozy","email":"shandra.crooks@gmail.com"}"
19:46:28.986 [main] DEBUG org.apache.http.wire --  << "HTTP/1.1 200 OK[\r][\n]"
19:46:28.986 [main] DEBUG org.apache.http.wire --  << "content-type: application/json[\r][\n]"
19:46:28.986 [main] DEBUG org.apache.http.wire --  << "date: Wed, 03 May 2023 12:46:57 GMT[\r][\n]"
19:46:28.986 [main] DEBUG org.apache.http.wire --  << "content-encoding: gzip[\r][\n]"
19:46:28.986 [main] DEBUG org.apache.http.wire --  << "transfer-encoding: chunked[\r][\n]"
19:46:28.986 [main] DEBUG org.apache.http.wire --  << "server: Fly/199ec4d3 (2023-04-25)[\r][\n]"
19:46:28.986 [main] DEBUG org.apache.http.wire --  << "via: 1.1 fly.io[\r][\n]"
19:46:28.986 [main] DEBUG org.apache.http.wire --  << "fly-request-id: 01GZGTDJS31Y4B3Y2J0AYFJ61W-sin[\r][\n]"
19:46:28.986 [main] DEBUG org.apache.http.wire --  << "[\r][\n]"
19:46:28.986 [main] DEBUG org.apache.http.impl.conn.DefaultClientConnection -- Receiving response: HTTP/1.1 200 OK
19:46:28.986 [main] DEBUG org.apache.http.headers -- << HTTP/1.1 200 OK
19:46:28.986 [main] DEBUG org.apache.http.headers -- << content-type: application/json
19:46:28.986 [main] DEBUG org.apache.http.headers -- << date: Wed, 03 May 2023 12:46:57 GMT
19:46:28.986 [main] DEBUG org.apache.http.headers -- << content-encoding: gzip
19:46:28.986 [main] DEBUG org.apache.http.headers -- << transfer-encoding: chunked
19:46:28.986 [main] DEBUG org.apache.http.headers -- << server: Fly/199ec4d3 (2023-04-25)
19:46:28.986 [main] DEBUG org.apache.http.headers -- << via: 1.1 fly.io
19:46:28.986 [main] DEBUG org.apache.http.headers -- << fly-request-id: 01GZGTDJS31Y4B3Y2J0AYFJ61W-sin
19:46:28.987 [main] DEBUG org.apache.http.impl.client.DefaultHttpClient -- Connection can be kept alive indefinitely
19:46:28.988 [main] DEBUG io.restassured.internal.RestAssuredHttpBuilder -- Parsing response as: application/json
19:46:28.988 [main] DEBUG org.apache.http.wire --  << "84[\r][\n]"
19:46:28.988 [main] DEBUG org.apache.http.wire --  << "[0x1f][0x8b][0x8][0x0][0x0][0x0][0x0][0x0][0x4][0xff][0xab]VJI,IT[0xb2][0xaa]V[0xf2]tQ[0xb2]24354[0xd7]Qr+[0xcd][0xc9][0xc9]K[0xcc]MU[0xb2]Rr[0xcc]NJ,R[0x8][0xca][0xac][0xca][0xae]TpK[0xcc](*-[0xca][0xaf][0xaa]T[0xd2]Qr[0xcd]M[0xcc][0xcc]Q[0xb2]R*[0xce]H[0xcc]K)J[0xd4]K.[0xca][0xcf][0xcf].vH[0x7][0x9][0xeb]%[0xe7][0xe7]*[0xe9]([0x5]$[0x16][0x17][0x97][0xe7][0x17][0xa5](Y)%[0x82]L)[0x2][0x19][0x92][0x6]7[0xa3][0xb6][0x96][0xb][0x0][0xf5][0x89]cJ}[0x0][0x0][0x0]"
19:46:28.988 [main] DEBUG org.apache.http.wire --  << "[\r][\n]"
19:46:28.988 [main] DEBUG org.apache.http.wire --  << "0[\r][\n]"
19:46:28.988 [main] DEBUG org.apache.http.wire --  << "[\r][\n]"
19:46:28.988 [main] DEBUG io.restassured.internal.RestAssuredHttpBuilder -- Parsed data to instance of: class org.apache.http.conn.EofSensorInputStream
19:46:28.989 [main] DEBUG org.apache.http.impl.conn.BasicClientConnectionManager -- Releasing connection org.apache.http.impl.conn.ManagedClientConnectionImpl@6e591c03
19:46:28.989 [main] DEBUG org.apache.http.impl.conn.BasicClientConnectionManager -- Connection can be kept alive indefinitely
19:46:28.990 [main] DEBUG net.thucydides.core.steps.StepInterceptor -- STEP DONE: user send create account with valid data
  &amp#27;[32mWhen &amp#27;[0m&amp#27;[32muser send create account with valid data&amp#27;[0m                        &amp#27;[90m# starter.stepdefinitions.UserSteps.userSendCreateAccountWithValidData()&amp#27;[0m
19:46:28.993 [main] DEBUG net.thucydides.core.steps.StepInterceptor -- STARTING STEP: UserSteps.userSeeStatusCodeAfterSendRegister - user see status code 200 after send register
19:46:28.994 [main] DEBUG net.thucydides.core.steps.StepInterceptor -- STEP DONE: user see status code 200 after send register
  &amp#27;[32mThen &amp#27;[0m&amp#27;[32muser see status code 200 after send register&amp#27;[0m                    &amp#27;[90m# starter.stepdefinitions.UserSteps.userSeeStatusCodeAfterSendRegister()&amp#27;[0m
19:46:28.996 [main] DEBUG net.thucydides.core.steps.StepInterceptor -- STARTING STEP: UserSteps.userSeeNewDetailAccount - user see new detail account
19:46:28.998 [main] DEBUG net.thucydides.core.steps.StepInterceptor -- STEP DONE: user see new detail account
  &amp#27;[32mAnd &amp#27;[0m&amp#27;[32muser see new detail account&amp#27;[0m                                      &amp#27;[90m# starter.stepdefinitions.UserSteps.userSeeNewDetailAccount()&amp#27;[0m
19:46:29.000 [main] INFO  -- 
  _____   ___   ___   _____     ___     _     ___   ___   ___   ___  
 |_   _| | __| / __| |_   _|   | _ \   /_\   / __| / __| | __| |   \ 
   | |   | _|  \__ \   | |     |  _/  / _ \  \__ \ \__ \ | _|  | |) |
   |_|   |___| |___/   |_|     |_|   /_/ \_\ |___/ |___/ |___| |___/ 

POST - As a user I success to create account with valid data
----------------------------------------------------------------------
]]></system-out>
  </testcase>
  <testcase name="POST - As a user I failed to create account with empty password" classname="As user i want to create account So that i can login and see home page" time="0.145">
    <system-out><![CDATA[
@Register @register-invalid
Scenario: POST - As a user I failed to create account with empty password &amp#27;[90m# src/test/resources/features/register.feature:11&amp#27;[0m
19:46:29.003 [main] DEBUG io.cucumber.core.plugin.SerenityReporter -- Running feature from file:///C:/Users/Admin/IdeaProjects/miniproject-api/src/test/resources/features/register.feature
19:46:29.005 [main] INFO  -- 
  _____   ___   ___   _____     ___   _____     _     ___   _____   ___   ___  
 |_   _| | __| / __| |_   _|   / __| |_   _|   /_\   | _ \ |_   _| | __| |   \ 
   | |   | _|  \__ \   | |     \__ \   | |    / _ \  |   /   | |   | _|  | |) |
   |_|   |___| |___/   |_|     |___/   |_|   /_/ \_\ |_|_\   |_|   |___| |___/ 

POST - As a user I failed to create account with empty password(as-user-i-want-to-create-account-so-that-i-can-login-and-see-home-page;post---as-a-user-i-failed-to-create-account-with-empty-password)
--------------------------------------------------------------------------------
19:46:29.021 [main] DEBUG net.thucydides.core.steps.StepInterceptor -- STARTING STEP: UserSteps.userSetEndpointForRegister - user set endpoint for register
19:46:29.021 [main] DEBUG net.thucydides.core.steps.StepInterceptor -- STEP DONE: user set endpoint for register
  &amp#27;[32mGiven &amp#27;[0m&amp#27;[32muser set endpoint for register&amp#27;[0m                                    &amp#27;[90m# starter.stepdefinitions.UserSteps.userSetEndpointForRegister()&amp#27;[0m
19:46:29.024 [main] DEBUG net.thucydides.core.steps.StepInterceptor -- STARTING STEP: UserSteps.userSendPOSTHTTPRequestWithEmptyPasswordDataRegister - user send POST HTTP request with empty password data register
19:46:29.036 [Finalizer] DEBUG org.apache.http.impl.conn.DefaultClientConnection -- Connection 0.0.0.0:58044<->149.248.193.56:443 closed
19:46:29.036 [Finalizer] DEBUG org.apache.http.impl.conn.DefaultClientConnection -- Connection 0.0.0.0:58043<->149.248.193.56:443 closed
19:46:29.036 [Finalizer] DEBUG org.apache.http.impl.conn.DefaultClientConnection -- Connection 0.0.0.0:58040<->149.248.193.56:443 closed
19:46:29.038 [Finalizer] DEBUG org.apache.http.impl.conn.DefaultClientConnection -- Connection 0.0.0.0:58047<->149.248.193.56:443 closed
19:46:29.038 [Finalizer] DEBUG org.apache.http.impl.conn.DefaultClientConnection -- Connection 0.0.0.0:58046<->149.248.193.56:443 closed
19:46:29.038 [Finalizer] DEBUG org.apache.http.impl.conn.DefaultClientConnection -- Connection 0.0.0.0:58045<->149.248.193.56:443 closed
19:46:29.053 [main] DEBUG net.thucydides.core.steps.StepInterceptor -- STARTING STEP: Authentication_Register_Post.userSendPOSTHTTPRequestWithEmptyPasswordDataRegister - user set endpoint for register
19:46:29.053 [main] DEBUG net.thucydides.core.steps.StepInterceptor -- STEP DONE: user set endpoint for register
19:46:29.072 [main] DEBUG org.apache.http.impl.conn.BasicClientConnectionManager -- Get connection for route {s}->https://altashop-api.fly.dev:443
19:46:29.072 [main] DEBUG org.apache.http.impl.conn.DefaultClientConnectionOperator -- Connecting to altashop-api.fly.dev:443
19:46:29.116 [main] DEBUG org.apache.http.client.protocol.RequestAddCookies -- CookieSpec selected: ignoreCookies
19:46:29.116 [main] DEBUG org.apache.http.client.protocol.RequestAuthCache -- Auth cache not set in the context
19:46:29.116 [main] DEBUG org.apache.http.client.protocol.RequestTargetAuthentication -- Target auth state: UNCHALLENGED
19:46:29.116 [main] DEBUG org.apache.http.client.protocol.RequestProxyAuthentication -- Proxy auth state: UNCHALLENGED
19:46:29.116 [main] DEBUG org.apache.http.impl.client.DefaultHttpClient -- Attempt 1 to execute request
19:46:29.116 [main] DEBUG org.apache.http.impl.conn.DefaultClientConnection -- Sending request: POST /api/auth/register HTTP/1.1
19:46:29.116 [main] DEBUG org.apache.http.wire --  >> "POST /api/auth/register HTTP/1.1[\r][\n]"
19:46:29.116 [main] DEBUG org.apache.http.wire --  >> "Accept: */*[\r][\n]"
19:46:29.116 [main] DEBUG org.apache.http.wire --  >> "Content-Type: application/json[\r][\n]"
19:46:29.116 [main] DEBUG org.apache.http.wire --  >> "Content-Length: 83[\r][\n]"
19:46:29.116 [main] DEBUG org.apache.http.wire --  >> "Host: altashop-api.fly.dev[\r][\n]"
19:46:29.116 [main] DEBUG org.apache.http.wire --  >> "Connection: Keep-Alive[\r][\n]"
19:46:29.116 [main] DEBUG org.apache.http.wire --  >> "User-Agent: Apache-HttpClient/4.5.13 (Java/19.0.2)[\r][\n]"
19:46:29.116 [main] DEBUG org.apache.http.wire --  >> "Accept-Encoding: gzip,deflate[\r][\n]"
19:46:29.116 [main] DEBUG org.apache.http.wire --  >> "[\r][\n]"
19:46:29.116 [main] DEBUG org.apache.http.headers -- >> POST /api/auth/register HTTP/1.1
19:46:29.116 [main] DEBUG org.apache.http.headers -- >> Accept: */*
19:46:29.116 [main] DEBUG org.apache.http.headers -- >> Content-Type: application/json
19:46:29.116 [main] DEBUG org.apache.http.headers -- >> Content-Length: 83
19:46:29.116 [main] DEBUG org.apache.http.headers -- >> Host: altashop-api.fly.dev
19:46:29.116 [main] DEBUG org.apache.http.headers -- >> Connection: Keep-Alive
19:46:29.116 [main] DEBUG org.apache.http.headers -- >> User-Agent: Apache-HttpClient/4.5.13 (Java/19.0.2)
19:46:29.116 [main] DEBUG org.apache.http.headers -- >> Accept-Encoding: gzip,deflate
19:46:29.116 [main] DEBUG org.apache.http.wire --  >> "{"password":"","fullname":"Akbar Rizky Fahrurozy","email":"una.reichert@yahoo.com"}"
19:46:29.137 [main] DEBUG org.apache.http.wire --  << "HTTP/1.1 400 Bad Request[\r][\n]"
19:46:29.137 [main] DEBUG org.apache.http.wire --  << "content-type: application/json[\r][\n]"
19:46:29.137 [main] DEBUG org.apache.http.wire --  << "date: Wed, 03 May 2023 12:46:57 GMT[\r][\n]"
19:46:29.137 [main] DEBUG org.apache.http.wire --  << "content-encoding: gzip[\r][\n]"
19:46:29.137 [main] DEBUG org.apache.http.wire --  << "transfer-encoding: chunked[\r][\n]"
19:46:29.137 [main] DEBUG org.apache.http.wire --  << "server: Fly/199ec4d3 (2023-04-25)[\r][\n]"
19:46:29.137 [main] DEBUG org.apache.http.wire --  << "via: 1.1 fly.io[\r][\n]"
19:46:29.137 [main] DEBUG org.apache.http.wire --  << "fly-request-id: 01GZGTDJXWSMHJ4KR2WEGGCKKZ-sin[\r][\n]"
19:46:29.137 [main] DEBUG org.apache.http.wire --  << "[\r][\n]"
19:46:29.138 [main] DEBUG org.apache.http.impl.conn.DefaultClientConnection -- Receiving response: HTTP/1.1 400 Bad Request
19:46:29.138 [main] DEBUG org.apache.http.headers -- << HTTP/1.1 400 Bad Request
19:46:29.138 [main] DEBUG org.apache.http.headers -- << content-type: application/json
19:46:29.138 [main] DEBUG org.apache.http.headers -- << date: Wed, 03 May 2023 12:46:57 GMT
19:46:29.138 [main] DEBUG org.apache.http.headers -- << content-encoding: gzip
19:46:29.138 [main] DEBUG org.apache.http.headers -- << transfer-encoding: chunked
19:46:29.138 [main] DEBUG org.apache.http.headers -- << server: Fly/199ec4d3 (2023-04-25)
19:46:29.138 [main] DEBUG org.apache.http.headers -- << via: 1.1 fly.io
19:46:29.138 [main] DEBUG org.apache.http.headers -- << fly-request-id: 01GZGTDJXWSMHJ4KR2WEGGCKKZ-sin
19:46:29.138 [main] DEBUG org.apache.http.impl.client.DefaultHttpClient -- Connection can be kept alive indefinitely
19:46:29.138 [main] DEBUG io.restassured.internal.RestAssuredHttpBuilder -- Parsing response as: application/json
19:46:29.138 [main] DEBUG org.apache.http.wire --  << "35[\r][\n]"
19:46:29.138 [main] DEBUG org.apache.http.wire --  << "[0x1f][0x8b][0x8][0x0][0x0][0x0][0x0][0x0][0x4][0xff][0xab]VJ-*[0xca]/R[0xb2]R*H,..[0xcf]/JQ[0xc8],V(J-,[0xcd],JMQ[0xaa][0xe5][0x2][0x0][0xb9][0x8f][0xe5][0xe0]![0x0][0x0][0x0]"
19:46:29.138 [main] DEBUG org.apache.http.wire --  << "[\r][\n]"
19:46:29.138 [main] DEBUG org.apache.http.wire --  << "0[\r][\n]"
19:46:29.138 [main] DEBUG org.apache.http.wire --  << "[\r][\n]"
19:46:29.138 [main] DEBUG io.restassured.internal.RestAssuredHttpBuilder -- Parsed data to instance of: class org.apache.http.conn.EofSensorInputStream
19:46:29.139 [main] DEBUG org.apache.http.impl.conn.BasicClientConnectionManager -- Releasing connection org.apache.http.impl.conn.ManagedClientConnectionImpl@6c90063f
19:46:29.139 [main] DEBUG org.apache.http.impl.conn.BasicClientConnectionManager -- Connection can be kept alive indefinitely
19:46:29.139 [main] DEBUG net.thucydides.core.steps.StepInterceptor -- STEP DONE: user send POST HTTP request with empty password data register
  &amp#27;[32mWhen &amp#27;[0m&amp#27;[32muser send POST HTTP request with empty password data register&amp#27;[0m      &amp#27;[90m# starter.stepdefinitions.UserSteps.userSendPOSTHTTPRequestWithEmptyPasswordDataRegister()&amp#27;[0m
19:46:29.142 [main] DEBUG net.thucydides.core.steps.StepInterceptor -- STARTING STEP: UserSteps.userSeeStatusCodeAndFailToCreateAccount - user see status code 400 and fail to create account
19:46:29.142 [main] DEBUG net.thucydides.core.steps.StepInterceptor -- STEP DONE: user see status code 400 and fail to create account
  &amp#27;[32mThen &amp#27;[0m&amp#27;[32muser see status code 400 and fail to create account&amp#27;[0m                &amp#27;[90m# starter.stepdefinitions.UserSteps.userSeeStatusCodeAndFailToCreateAccount()&amp#27;[0m
19:46:29.144 [main] INFO  -- 
  _____   ___   ___   _____     ___     _     ___   ___   ___   ___  
 |_   _| | __| / __| |_   _|   | _ \   /_\   / __| / __| | __| |   \ 
   | |   | _|  \__ \   | |     |  _/  / _ \  \__ \ \__ \ | _|  | |) |
   |_|   |___| |___/   |_|     |_|   /_/ \_\ |___/ |___/ |___| |___/ 

POST - As a user I failed to create account with empty password
----------------------------------------------------------------------
]]></system-out>
  </testcase>
</testsuite>