<?xml version="1.0" encoding="UTF-8" standalone="no"?><testsuite errors="0" failures="0" name="As user i want to see product, create new product, see product by id, delete a product, see product comments" skipped="0" tests="4" time="1.35" timestamp="2023-05-03 07:46:26"><testcase name="POST - As a user I want to create a new product"/><testcase name="GET - As a user I want to get all product"/><testcase name="DELETE - As a user I want to delete a product"/><testcase name="GET - As a user I want to see product comments"/></testsuite>